{"meta": {"format": 3, "version": "7.13.0", "timestamp": "2025-12-10T06:48:21.952451", "branch_coverage": false, "show_contexts": false}, "files": {"scout_mcp/__init__.py": {"executed_lines": [1, 3], "summary": {"covered_lines": 1, "num_statements": 1, "percent_covered": 100.0, "percent_covered_display": "100", "missing_lines": 0, "excluded_lines": 0, "percent_statements_covered": 100.0, "percent_statements_covered_display": "100"}, "missing_lines": [], "excluded_lines": [], "functions": {"": {"executed_lines": [1, 3], "summary": {"covered_lines": 1, "num_statements": 1, "percent_covered": 100.0, "percent_covered_display": "100", "missing_lines": 0, "excluded_lines": 0, "percent_statements_covered": 100.0, "percent_statements_covered_display": "100"}, "missing_lines": [], "excluded_lines": []}}, "classes": {"": {"executed_lines": [1, 3], "summary": {"covered_lines": 1, "num_statements": 1, "percent_covered": 100.0, "percent_covered_display": "100", "missing_lines": 0, "excluded_lines": 0, "percent_statements_covered": 100.0, "percent_statements_covered_display": "100"}, "missing_lines": [], "excluded_lines": []}}}, "scout_mcp/__main__.py": {"executed_lines": [1, 3, 4, 6, 7, 9, 12, 14, 15, 16, 17, 18, 19, 22, 28, 29, 31, 32, 39, 41, 42, 44, 45, 46, 48, 53, 60], "summary": {"covered_lines": 26, "num_statements": 27, "percent_covered": 96.29629629629629, "percent_covered_display": "96", "missing_lines": 1, "excluded_lines": 0, "percent_statements_covered": 96.29629629629629, "percent_statements_covered_display": "96"}, "missing_lines": [61], "excluded_lines": [], "functions": {"_quiet_third_party_loggers": {"executed_lines": [14, 15, 16, 17, 18, 19], "summary": {"covered_lines": 6, "num_statements": 6, "percent_covered": 100.0, "percent_covered_display": "100", "missing_lines": 0, "excluded_lines": 0, "percent_statements_covered": 100.0, "percent_statements_covered_display": "100"}, "missing_lines": [], "excluded_lines": []}, "configure_logging": {"executed_lines": [28, 29, 31, 32], "summary": {"covered_lines": 4, "num_statements": 4, "percent_covered": 100.0, "percent_covered_display": "100", "missing_lines": 0, "excluded_lines": 0, "percent_statements_covered": 100.0, "percent_statements_covered_display": "100"}, "missing_lines": [], "excluded_lines": []}, "run_server": {"executed_lines": [41, 42, 44, 45, 46, 48, 53], "summary": {"covered_lines": 7, "num_statements": 7, "percent_covered": 100.0, "percent_covered_display": "100", "missing_lines": 0, "excluded_lines": 0, "percent_statements_covered": 100.0, "percent_statements_covered_display": "100"}, "missing_lines": [], "excluded_lines": []}, "": {"executed_lines": [1, 3, 4, 6, 7, 9, 12, 22, 39, 60], "summary": {"covered_lines": 9, "num_statements": 10, "percent_covered": 90.0, "percent_covered_display": "90", "missing_lines": 1, "excluded_lines": 0, "percent_statements_covered": 90.0, "percent_statements_covered_display": "90"}, "missing_lines": [61], "excluded_lines": []}}, "classes": {"": {"executed_lines": [1, 3, 4, 6, 7, 9, 12, 14, 15, 16, 17, 18, 19, 22, 28, 29, 31, 32, 39, 41, 42, 44, 45, 46, 48, 53, 60], "summary": {"covered_lines": 26, "num_statements": 27, "percent_covered": 96.29629629629629, "percent_covered_display": "96", "missing_lines": 1, "excluded_lines": 0, "percent_statements_covered": 96.29629629629629, "percent_statements_covered_display": "96"}, "missing_lines": [61], "excluded_lines": []}}}, "scout_mcp/config.py": {"executed_lines": [1, 3, 4, 5, 6, 7, 8, 10, 11, 13, 16, 17, 18, 20, 23, 24, 25, 26, 27, 28, 30, 31, 32, 34, 36, 37, 39, 45, 46, 49, 51, 52, 53, 55, 56, 57, 58, 60, 61, 62, 64, 65, 66, 68, 69, 70, 72, 73, 84, 85, 86, 88, 89, 91, 92, 93, 96, 99, 109, 111, 112, 114, 115, 116, 117, 119, 120, 121, 122, 124, 125, 126, 128, 129, 130, 132, 133, 134, 135, 138, 139, 141, 146, 147, 148, 149, 150, 158, 160, 161, 164, 165, 166, 167, 169, 170, 171, 173, 177, 178, 179, 180, 181, 182, 191, 192, 194, 197, 198, 201, 202, 204, 206, 208, 209, 215, 217, 218, 220, 221, 234, 237, 238, 244, 247, 248, 249, 250, 259, 262, 263, 264, 272, 274, 275, 284], "summary": {"covered_lines": 134, "num_statements": 139, "percent_covered": 96.40287769784173, "percent_covered_display": "96", "missing_lines": 5, "excluded_lines": 0, "percent_statements_covered": 96.40287769784173, "percent_statements_covered_display": "96"}, "missing_lines": [74, 75, 81, 97, 174], "excluded_lines": [], "functions": {"Config.__post_init__": {"executed_lines": [45, 46, 49, 60, 61, 62, 64, 65, 66, 68, 69, 70, 72, 73, 84, 85, 86, 88, 89, 91, 92, 93, 96, 99], "summary": {"covered_lines": 24, "num_statements": 28, "percent_covered": 85.71428571428571, "percent_covered_display": "86", "missing_lines": 4, "excluded_lines": 0, "percent_statements_covered": 85.71428571428571, "percent_statements_covered_display": "86"}, "missing_lines": [74, 75, 81, 97], "excluded_lines": []}, "Config.__post_init__.get_env_int": {"executed_lines": [51, 52, 53, 55, 56, 57, 58], "summary": {"covered_lines": 7, "num_statements": 7, "percent_covered": 100.0, "percent_covered_display": "100", "missing_lines": 0, "excluded_lines": 0, "percent_statements_covered": 100.0, "percent_statements_covered_display": "100"}, "missing_lines": [], "excluded_lines": []}, "Config._parse_ssh_config": {"executed_lines": [111, 112, 114, 115, 116, 117, 119, 120, 121, 122, 124, 125, 126, 128, 129, 130, 132, 133, 134, 135, 138, 139, 141, 146, 147, 148, 149, 150, 158, 160, 161, 164, 165, 166, 167, 169, 170, 171, 173, 177, 178, 179, 180, 181, 182, 191, 192], "summary": {"covered_lines": 47, "num_statements": 48, "percent_covered": 97.91666666666667, "percent_covered_display": "98", "missing_lines": 1, "excluded_lines": 0, "percent_statements_covered": 97.91666666666667, "percent_statements_covered_display": "98"}, "missing_lines": [174], "excluded_lines": []}, "Config._is_host_allowed": {"executed_lines": [197, 198, 201, 202, 204], "summary": {"covered_lines": 5, "num_statements": 5, "percent_covered": 100.0, "percent_covered_display": "100", "missing_lines": 0, "excluded_lines": 0, "percent_statements_covered": 100.0, "percent_statements_covered_display": "100"}, "missing_lines": [], "excluded_lines": []}, "Config.get_hosts": {"executed_lines": [208, 209], "summary": {"covered_lines": 2, "num_statements": 2, "percent_covered": 100.0, "percent_covered_display": "100", "missing_lines": 0, "excluded_lines": 0, "percent_statements_covered": 100.0, "percent_statements_covered_display": "100"}, "missing_lines": [], "excluded_lines": []}, "Config.get_host": {"executed_lines": [217, 218], "summary": {"covered_lines": 2, "num_statements": 2, "percent_covered": 100.0, "percent_covered_display": "100", "missing_lines": 0, "excluded_lines": 0, "percent_statements_covered": 100.0, "percent_statements_covered_display": "100"}, "missing_lines": [], "excluded_lines": []}, "Config.known_hosts_path": {"executed_lines": [234, 237, 238, 244, 247, 248, 249, 250, 259, 262, 263, 264, 272], "summary": {"covered_lines": 13, "num_statements": 13, "percent_covered": 100.0, "percent_covered_display": "100", "missing_lines": 0, "excluded_lines": 0, "percent_statements_covered": 100.0, "percent_statements_covered_display": "100"}, "missing_lines": [], "excluded_lines": []}, "Config.strict_host_key_checking": {"executed_lines": [284], "summary": {"covered_lines": 1, "num_statements": 1, "percent_covered": 100.0, "percent_covered_display": "100", "missing_lines": 0, "excluded_lines": 0, "percent_statements_covered": 100.0, "percent_statements_covered_display": "100"}, "missing_lines": [], "excluded_lines": []}, "": {"executed_lines": [1, 3, 4, 5, 6, 7, 8, 10, 11, 13, 16, 17, 18, 20, 23, 24, 25, 26, 27, 28, 30, 31, 32, 34, 36, 37, 39, 109, 194, 206, 215, 220, 221, 274, 275], "summary": {"covered_lines": 33, "num_statements": 33, "percent_covered": 100.0, "percent_covered_display": "100", "missing_lines": 0, "excluded_lines": 0, "percent_statements_covered": 100.0, "percent_statements_covered_display": "100"}, "missing_lines": [], "excluded_lines": []}}, "classes": {"Config": {"executed_lines": [45, 46, 49, 51, 52, 53, 55, 56, 57, 58, 60, 61, 62, 64, 65, 66, 68, 69, 70, 72, 73, 84, 85, 86, 88, 89, 91, 92, 93, 96, 99, 111, 112, 114, 115, 116, 117, 119, 120, 121, 122, 124, 125, 126, 128, 129, 130, 132, 133, 134, 135, 138, 139, 141, 146, 147, 148, 149, 150, 158, 160, 161, 164, 165, 166, 167, 169, 170, 171, 173, 177, 178, 179, 180, 181, 182, 191, 192, 197, 198, 201, 202, 204, 208, 209, 217, 218, 234, 237, 238, 244, 247, 248, 249, 250, 259, 262, 263, 264, 272, 284], "summary": {"covered_lines": 101, "num_statements": 106, "percent_covered": 95.28301886792453, "percent_covered_display": "95", "missing_lines": 5, "excluded_lines": 0, "percent_statements_covered": 95.28301886792453, "percent_statements_covered_display": "95"}, "missing_lines": [74, 75, 81, 97, 174], "excluded_lines": []}, "": {"executed_lines": [1, 3, 4, 5, 6, 7, 8, 10, 11, 13, 16, 17, 18, 20, 23, 24, 25, 26, 27, 28, 30, 31, 32, 34, 36, 37, 39, 109, 194, 206, 215, 220, 221, 274, 275], "summary": {"covered_lines": 33, "num_statements": 33, "percent_covered": 100.0, "percent_covered_display": "100", "missing_lines": 0, "excluded_lines": 0, "percent_statements_covered": 100.0, "percent_statements_covered_display": "100"}, "missing_lines": [], "excluded_lines": []}}}, "scout_mcp/middleware/__init__.py": {"executed_lines": [1, 3, 4, 5, 6, 7, 8, 10], "summary": {"covered_lines": 7, "num_statements": 7, "percent_covered": 100.0, "percent_covered_display": "100", "missing_lines": 0, "excluded_lines": 0, "percent_statements_covered": 100.0, "percent_statements_covered_display": "100"}, "missing_lines": [], "excluded_lines": [], "functions": {"": {"executed_lines": [1, 3, 4, 5, 6, 7, 8, 10], "summary": {"covered_lines": 7, "num_statements": 7, "percent_covered": 100.0, "percent_covered_display": "100", "missing_lines": 0, "excluded_lines": 0, "percent_statements_covered": 100.0, "percent_statements_covered_display": "100"}, "missing_lines": [], "excluded_lines": []}}, "classes": {"": {"executed_lines": [1, 3, 4, 5, 6, 7, 8, 10], "summary": {"covered_lines": 7, "num_statements": 7, "percent_covered": 100.0, "percent_covered_display": "100", "missing_lines": 0, "excluded_lines": 0, "percent_statements_covered": 100.0, "percent_statements_covered_display": "100"}, "missing_lines": [], "excluded_lines": []}}}, "scout_mcp/middleware/auth.py": {"executed_lines": [1, 3, 4, 5, 6, 7, 9, 10, 11, 13, 16, 17, 26, 32, 33, 34, 35, 37, 39, 40, 42, 43, 44, 46, 47, 52, 56, 57, 62, 71, 72, 73, 74, 76, 91, 92, 93, 96, 97, 98, 101, 103, 104, 108, 113, 114, 118, 124, 125, 126], "summary": {"covered_lines": 48, "num_statements": 48, "percent_covered": 100.0, "percent_covered_display": "100", "missing_lines": 0, "excluded_lines": 0, "percent_statements_covered": 100.0, "percent_statements_covered_display": "100"}, "missing_lines": [], "excluded_lines": [], "functions": {"APIKeyMiddleware.__init__": {"executed_lines": [32, 33, 34, 35], "summary": {"covered_lines": 4, "num_statements": 4, "percent_covered": 100.0, "percent_covered_display": "100", "missing_lines": 0, "excluded_lines": 0, "percent_statements_covered": 100.0, "percent_statements_covered_display": "100"}, "missing_lines": [], "excluded_lines": []}, "APIKeyMiddleware._load_keys": {"executed_lines": [39, 40, 42, 43, 44, 46, 47, 52, 56, 57], "summary": {"covered_lines": 10, "num_statements": 10, "percent_covered": 100.0, "percent_covered_display": "100", "missing_lines": 0, "excluded_lines": 0, "percent_statements_covered": 100.0, "percent_statements_covered_display": "100"}, "missing_lines": [], "excluded_lines": []}, "APIKeyMiddleware._validate_key": {"executed_lines": [71, 72, 73, 74], "summary": {"covered_lines": 4, "num_statements": 4, "percent_covered": 100.0, "percent_covered_display": "100", "missing_lines": 0, "excluded_lines": 0, "percent_statements_covered": 100.0, "percent_statements_covered_display": "100"}, "missing_lines": [], "excluded_lines": []}, "APIKeyMiddleware.dispatch": {"executed_lines": [91, 92, 93, 96, 97, 98, 101, 103, 104, 108, 113, 114, 118, 124, 125, 126], "summary": {"covered_lines": 16, "num_statements": 16, "percent_covered": 100.0, "percent_covered_display": "100", "missing_lines": 0, "excluded_lines": 0, "percent_statements_covered": 100.0, "percent_statements_covered_display": "100"}, "missing_lines": [], "excluded_lines": []}, "": {"executed_lines": [1, 3, 4, 5, 6, 7, 9, 10, 11, 13, 16, 17, 26, 37, 62, 76], "summary": {"covered_lines": 14, "num_statements": 14, "percent_covered": 100.0, "percent_covered_display": "100", "missing_lines": 0, "excluded_lines": 0, "percent_statements_covered": 100.0, "percent_statements_covered_display": "100"}, "missing_lines": [], "excluded_lines": []}}, "classes": {"APIKeyMiddleware": {"executed_lines": [32, 33, 34, 35, 39, 40, 42, 43, 44, 46, 47, 52, 56, 57, 71, 72, 73, 74, 91, 92, 93, 96, 97, 98, 101, 103, 104, 108, 113, 114, 118, 124, 125, 126], "summary": {"covered_lines": 34, "num_statements": 34, "percent_covered": 100.0, "percent_covered_display": "100", "missing_lines": 0, "excluded_lines": 0, "percent_statements_covered": 100.0, "percent_statements_covered_display": "100"}, "missing_lines": [], "excluded_lines": []}, "": {"executed_lines": [1, 3, 4, 5, 6, 7, 9, 10, 11, 13, 16, 17, 26, 37, 62, 76], "summary": {"covered_lines": 14, "num_statements": 14, "percent_covered": 100.0, "percent_covered_display": "100", "missing_lines": 0, "excluded_lines": 0, "percent_statements_covered": 100.0, "percent_statements_covered_display": "100"}, "missing_lines": [], "excluded_lines": []}}}, "scout_mcp/middleware/base.py": {"executed_lines": [1, 3, 5, 8, 9, 16, 22], "summary": {"covered_lines": 5, "num_statements": 5, "percent_covered": 100.0, "percent_covered_display": "100", "missing_lines": 0, "excluded_lines": 0, "percent_statements_covered": 100.0, "percent_statements_covered_display": "100"}, "missing_lines": [], "excluded_lines": [], "functions": {"ScoutMiddleware.__init__": {"executed_lines": [22], "summary": {"covered_lines": 1, "num_statements": 1, "percent_covered": 100.0, "percent_covered_display": "100", "missing_lines": 0, "excluded_lines": 0, "percent_statements_covered": 100.0, "percent_statements_covered_display": "100"}, "missing_lines": [], "excluded_lines": []}, "": {"executed_lines": [1, 3, 5, 8, 9, 16], "summary": {"covered_lines": 4, "num_statements": 4, "percent_covered": 100.0, "percent_covered_display": "100", "missing_lines": 0, "excluded_lines": 0, "percent_statements_covered": 100.0, "percent_statements_covered_display": "100"}, "missing_lines": [], "excluded_lines": []}}, "classes": {"ScoutMiddleware": {"executed_lines": [22], "summary": {"covered_lines": 1, "num_statements": 1, "percent_covered": 100.0, "percent_covered_display": "100", "missing_lines": 0, "excluded_lines": 0, "percent_statements_covered": 100.0, "percent_statements_covered_display": "100"}, "missing_lines": [], "excluded_lines": []}, "": {"executed_lines": [1, 3, 5, 8, 9, 16], "summary": {"covered_lines": 4, "num_statements": 4, "percent_covered": 100.0, "percent_covered_display": "100", "missing_lines": 0, "excluded_lines": 0, "percent_statements_covered": 100.0, "percent_statements_covered_display": "100"}, "missing_lines": [], "excluded_lines": []}}}, "scout_mcp/middleware/errors.py": {"executed_lines": [1, 3, 4, 5, 6, 7, 9, 11, 13, 16, 17, 29, 43, 44, 45, 46, 48, 54, 56, 58, 60, 77, 78, 80, 81, 82, 85, 88, 89, 90, 98, 106, 107, 108, 116], "summary": {"covered_lines": 33, "num_statements": 35, "percent_covered": 94.28571428571429, "percent_covered_display": "94", "missing_lines": 2, "excluded_lines": 0, "percent_statements_covered": 94.28571428571429, "percent_statements_covered_display": "94"}, "missing_lines": [109, 110], "excluded_lines": [], "functions": {"ErrorHandlingMiddleware.__init__": {"executed_lines": [43, 44, 45, 46], "summary": {"covered_lines": 4, "num_statements": 4, "percent_covered": 100.0, "percent_covered_display": "100", "missing_lines": 0, "excluded_lines": 0, "percent_statements_covered": 100.0, "percent_statements_covered_display": "100"}, "missing_lines": [], "excluded_lines": []}, "ErrorHandlingMiddleware.get_error_stats": {"executed_lines": [54], "summary": {"covered_lines": 1, "num_statements": 1, "percent_covered": 100.0, "percent_covered_display": "100", "missing_lines": 0, "excluded_lines": 0, "percent_statements_covered": 100.0, "percent_statements_covered_display": "100"}, "missing_lines": [], "excluded_lines": []}, "ErrorHandlingMiddleware.reset_stats": {"executed_lines": [58], "summary": {"covered_lines": 1, "num_statements": 1, "percent_covered": 100.0, "percent_covered_display": "100", "missing_lines": 0, "excluded_lines": 0, "percent_statements_covered": 100.0, "percent_statements_covered_display": "100"}, "missing_lines": [], "excluded_lines": []}, "ErrorHandlingMiddleware.on_message": {"executed_lines": [77, 78, 80, 81, 82, 85, 88, 89, 90, 98, 106, 107, 108, 116], "summary": {"covered_lines": 14, "num_statements": 16, "percent_covered": 87.5, "percent_covered_display": "88", "missing_lines": 2, "excluded_lines": 0, "percent_statements_covered": 87.5, "percent_statements_covered_display": "88"}, "missing_lines": [109, 110], "excluded_lines": []}, "": {"executed_lines": [1, 3, 4, 5, 6, 7, 9, 11, 13, 16, 17, 29, 48, 56, 60], "summary": {"covered_lines": 13, "num_statements": 13, "percent_covered": 100.0, "percent_covered_display": "100", "missing_lines": 0, "excluded_lines": 0, "percent_statements_covered": 100.0, "percent_statements_covered_display": "100"}, "missing_lines": [], "excluded_lines": []}}, "classes": {"ErrorHandlingMiddleware": {"executed_lines": [43, 44, 45, 46, 54, 58, 77, 78, 80, 81, 82, 85, 88, 89, 90, 98, 106, 107, 108, 116], "summary": {"covered_lines": 20, "num_statements": 22, "percent_covered": 90.9090909090909, "percent_covered_display": "91", "missing_lines": 2, "excluded_lines": 0, "percent_statements_covered": 90.9090909090909, "percent_statements_covered_display": "91"}, "missing_lines": [109, 110], "excluded_lines": []}, "": {"executed_lines": [1, 3, 4, 5, 6, 7, 9, 11, 13, 16, 17, 29, 48, 56, 60], "summary": {"covered_lines": 13, "num_statements": 13, "percent_covered": 100.0, "percent_covered_display": "100", "missing_lines": 0, "excluded_lines": 0, "percent_statements_covered": 100.0, "percent_statements_covered_display": "100"}, "missing_lines": [], "excluded_lines": []}}}, "scout_mcp/middleware/logging.py": {"executed_lines": [1, 3, 4, 5, 6, 8, 10, 13, 14, 30, 45, 46, 47, 48, 50, 52, 53, 57, 58, 59, 61, 63, 64, 65, 66, 67, 68, 69, 70, 72, 74, 75, 76, 78, 84, 85, 86, 88, 94, 95, 97, 98, 99, 102, 104, 109, 117, 118, 120, 122, 123, 124, 131, 133, 139, 140, 142, 144, 145, 146, 148, 150, 155, 163, 165, 166, 167, 174, 176, 182, 183, 185, 186, 187, 190, 191, 192, 196, 201, 213, 219, 220, 222, 223, 224, 227, 228, 229, 233, 238, 250, 256, 257, 260, 266, 268, 270, 271, 272, 274, 279, 292, 294, 298, 299, 300, 301, 302, 303], "summary": {"covered_lines": 107, "num_statements": 136, "percent_covered": 78.67647058823529, "percent_covered_display": "79", "missing_lines": 29, "excluded_lines": 0, "percent_statements_covered": 78.67647058823529, "percent_statements_covered_display": "79"}, "missing_lines": [54, 55, 193, 194, 203, 204, 205, 211, 230, 231, 240, 241, 242, 248, 281, 282, 283, 290, 295, 306, 307, 310, 311, 314, 315, 316, 317, 318, 320], "excluded_lines": [], "functions": {"LoggingMiddleware.__init__": {"executed_lines": [45, 46, 47, 48], "summary": {"covered_lines": 4, "num_statements": 4, "percent_covered": 100.0, "percent_covered_display": "100", "missing_lines": 0, "excluded_lines": 0, "percent_statements_covered": 100.0, "percent_statements_covered_display": "100"}, "missing_lines": [], "excluded_lines": []}, "LoggingMiddleware._truncate": {"executed_lines": [52, 53, 57, 58, 59], "summary": {"covered_lines": 5, "num_statements": 7, "percent_covered": 71.42857142857143, "percent_covered_display": "71", "missing_lines": 2, "excluded_lines": 0, "percent_statements_covered": 71.42857142857143, "percent_statements_covered_display": "71"}, "missing_lines": [54, 55], "excluded_lines": []}, "LoggingMiddleware._format_args": {"executed_lines": [63, 64, 65, 66, 67, 68, 69, 70], "summary": {"covered_lines": 8, "num_statements": 8, "percent_covered": 100.0, "percent_covered_display": "100", "missing_lines": 0, "excluded_lines": 0, "percent_statements_covered": 100.0, "percent_statements_covered_display": "100"}, "missing_lines": [], "excluded_lines": []}, "LoggingMiddleware._format_duration": {"executed_lines": [74, 75, 76], "summary": {"covered_lines": 3, "num_statements": 3, "percent_covered": 100.0, "percent_covered_display": "100", "missing_lines": 0, "excluded_lines": 0, "percent_statements_covered": 100.0, "percent_statements_covered_display": "100"}, "missing_lines": [], "excluded_lines": []}, "LoggingMiddleware.on_call_tool": {"executed_lines": [84, 85, 86, 88, 94, 95, 97, 98, 99, 102, 104, 109, 117, 118, 120, 122, 123, 124, 131], "summary": {"covered_lines": 19, "num_statements": 19, "percent_covered": 100.0, "percent_covered_display": "100", "missing_lines": 0, "excluded_lines": 0, "percent_statements_covered": 100.0, "percent_statements_covered_display": "100"}, "missing_lines": [], "excluded_lines": []}, "LoggingMiddleware.on_read_resource": {"executed_lines": [139, 140, 142, 144, 145, 146, 148, 150, 155, 163, 165, 166, 167, 174], "summary": {"covered_lines": 14, "num_statements": 14, "percent_covered": 100.0, "percent_covered_display": "100", "missing_lines": 0, "excluded_lines": 0, "percent_statements_covered": 100.0, "percent_statements_covered_display": "100"}, "missing_lines": [], "excluded_lines": []}, "LoggingMiddleware.on_list_tools": {"executed_lines": [182, 183, 185, 186, 187, 190, 191, 192, 196, 201], "summary": {"covered_lines": 10, "num_statements": 16, "percent_covered": 62.5, "percent_covered_display": "62", "missing_lines": 6, "excluded_lines": 0, "percent_statements_covered": 62.5, "percent_statements_covered_display": "62"}, "missing_lines": [193, 194, 203, 204, 205, 211], "excluded_lines": []}, "LoggingMiddleware.on_list_resources": {"executed_lines": [219, 220, 222, 223, 224, 227, 228, 229, 233, 238], "summary": {"covered_lines": 10, "num_statements": 16, "percent_covered": 62.5, "percent_covered_display": "62", "missing_lines": 6, "excluded_lines": 0, "percent_statements_covered": 62.5, "percent_statements_covered_display": "62"}, "missing_lines": [230, 231, 240, 241, 242, 248], "excluded_lines": []}, "LoggingMiddleware.on_message": {"executed_lines": [256, 257, 260, 266, 268, 270, 271, 272, 274, 279], "summary": {"covered_lines": 10, "num_statements": 14, "percent_covered": 71.42857142857143, "percent_covered_display": "71", "missing_lines": 4, "excluded_lines": 0, "percent_statements_covered": 71.42857142857143, "percent_statements_covered_display": "71"}, "missing_lines": [281, 282, 283, 290], "excluded_lines": []}, "LoggingMiddleware._summarize_result": {"executed_lines": [294, 298, 299, 300, 301, 302, 303], "summary": {"covered_lines": 7, "num_statements": 18, "percent_covered": 38.888888888888886, "percent_covered_display": "39", "missing_lines": 11, "excluded_lines": 0, "percent_statements_covered": 38.888888888888886, "percent_statements_covered_display": "39"}, "missing_lines": [295, 306, 307, 310, 311, 314, 315, 316, 317, 318, 320], "excluded_lines": []}, "": {"executed_lines": [1, 3, 4, 5, 6, 8, 10, 13, 14, 30, 50, 61, 72, 78, 133, 176, 213, 250, 292], "summary": {"covered_lines": 17, "num_statements": 17, "percent_covered": 100.0, "percent_covered_display": "100", "missing_lines": 0, "excluded_lines": 0, "percent_statements_covered": 100.0, "percent_statements_covered_display": "100"}, "missing_lines": [], "excluded_lines": []}}, "classes": {"LoggingMiddleware": {"executed_lines": [45, 46, 47, 48, 52, 53, 57, 58, 59, 63, 64, 65, 66, 67, 68, 69, 70, 74, 75, 76, 84, 85, 86, 88, 94, 95, 97, 98, 99, 102, 104, 109, 117, 118, 120, 122, 123, 124, 131, 139, 140, 142, 144, 145, 146, 148, 150, 155, 163, 165, 166, 167, 174, 182, 183, 185, 186, 187, 190, 191, 192, 196, 201, 219, 220, 222, 223, 224, 227, 228, 229, 233, 238, 256, 257, 260, 266, 268, 270, 271, 272, 274, 279, 294, 298, 299, 300, 301, 302, 303], "summary": {"covered_lines": 90, "num_statements": 119, "percent_covered": 75.63025210084034, "percent_covered_display": "76", "missing_lines": 29, "excluded_lines": 0, "percent_statements_covered": 75.63025210084034, "percent_statements_covered_display": "76"}, "missing_lines": [54, 55, 193, 194, 203, 204, 205, 211, 230, 231, 240, 241, 242, 248, 281, 282, 283, 290, 295, 306, 307, 310, 311, 314, 315, 316, 317, 318, 320], "excluded_lines": []}, "": {"executed_lines": [1, 3, 4, 5, 6, 8, 10, 13, 14, 30, 50, 61, 72, 78, 133, 176, 213, 250, 292], "summary": {"covered_lines": 17, "num_statements": 17, "percent_covered": 100.0, "percent_covered_display": "100", "missing_lines": 0, "excluded_lines": 0, "percent_statements_covered": 100.0, "percent_statements_covered_display": "100"}, "missing_lines": [], "excluded_lines": []}}}, "scout_mcp/middleware/ratelimit.py": {"executed_lines": [1, 3, 4, 5, 6, 7, 8, 9, 11, 12, 13, 15, 18, 19, 20, 22, 23, 25, 27, 28, 29, 32, 35, 36, 37, 38, 41, 42, 51, 52, 53, 54, 57, 58, 59, 62, 64, 65, 71, 73, 76, 77, 78, 79, 81, 86, 87, 90, 91, 93, 95, 97, 98, 101, 102, 104, 105, 110, 111, 122, 124, 126, 127, 128, 133, 134, 135], "summary": {"covered_lines": 64, "num_statements": 64, "percent_covered": 100.0, "percent_covered_display": "100", "missing_lines": 0, "excluded_lines": 0, "percent_statements_covered": 100.0, "percent_statements_covered_display": "100"}, "missing_lines": [], "excluded_lines": [], "functions": {"RateLimitBucket.consume": {"executed_lines": [27, 28, 29, 32, 35, 36, 37, 38], "summary": {"covered_lines": 8, "num_statements": 8, "percent_covered": 100.0, "percent_covered_display": "100", "missing_lines": 0, "excluded_lines": 0, "percent_statements_covered": 100.0, "percent_statements_covered_display": "100"}, "missing_lines": [], "excluded_lines": []}, "RateLimitMiddleware.__init__": {"executed_lines": [52, 53, 54, 57, 58, 59, 62, 64, 65, 71], "summary": {"covered_lines": 10, "num_statements": 10, "percent_covered": 100.0, "percent_covered_display": "100", "missing_lines": 0, "excluded_lines": 0, "percent_statements_covered": 100.0, "percent_statements_covered_display": "100"}, "missing_lines": [], "excluded_lines": []}, "RateLimitMiddleware._get_client_key": {"executed_lines": [76, 77, 78, 79], "summary": {"covered_lines": 4, "num_statements": 4, "percent_covered": 100.0, "percent_covered_display": "100", "missing_lines": 0, "excluded_lines": 0, "percent_statements_covered": 100.0, "percent_statements_covered_display": "100"}, "missing_lines": [], "excluded_lines": []}, "RateLimitMiddleware.dispatch": {"executed_lines": [86, 87, 90, 91, 93, 95, 97, 98, 101, 102, 104, 105, 110, 111, 122], "summary": {"covered_lines": 15, "num_statements": 15, "percent_covered": 100.0, "percent_covered_display": "100", "missing_lines": 0, "excluded_lines": 0, "percent_statements_covered": 100.0, "percent_statements_covered_display": "100"}, "missing_lines": [], "excluded_lines": []}, "RateLimitMiddleware.cleanup_stale_buckets": {"executed_lines": [126, 127, 128, 133, 134, 135], "summary": {"covered_lines": 6, "num_statements": 6, "percent_covered": 100.0, "percent_covered_display": "100", "missing_lines": 0, "excluded_lines": 0, "percent_statements_covered": 100.0, "percent_statements_covered_display": "100"}, "missing_lines": [], "excluded_lines": []}, "": {"executed_lines": [1, 3, 4, 5, 6, 7, 8, 9, 11, 12, 13, 15, 18, 19, 20, 22, 23, 25, 41, 42, 51, 73, 81, 124], "summary": {"covered_lines": 21, "num_statements": 21, "percent_covered": 100.0, "percent_covered_display": "100", "missing_lines": 0, "excluded_lines": 0, "percent_statements_covered": 100.0, "percent_statements_covered_display": "100"}, "missing_lines": [], "excluded_lines": []}}, "classes": {"RateLimitBucket": {"executed_lines": [27, 28, 29, 32, 35, 36, 37, 38], "summary": {"covered_lines": 8, "num_statements": 8, "percent_covered": 100.0, "percent_covered_display": "100", "missing_lines": 0, "excluded_lines": 0, "percent_statements_covered": 100.0, "percent_statements_covered_display": "100"}, "missing_lines": [], "excluded_lines": []}, "RateLimitMiddleware": {"executed_lines": [52, 53, 54, 57, 58, 59, 62, 64, 65, 71, 76, 77, 78, 79, 86, 87, 90, 91, 93, 95, 97, 98, 101, 102, 104, 105, 110, 111, 122, 126, 127, 128, 133, 134, 135], "summary": {"covered_lines": 35, "num_statements": 35, "percent_covered": 100.0, "percent_covered_display": "100", "missing_lines": 0, "excluded_lines": 0, "percent_statements_covered": 100.0, "percent_statements_covered_display": "100"}, "missing_lines": [], "excluded_lines": []}, "": {"executed_lines": [1, 3, 4, 5, 6, 7, 8, 9, 11, 12, 13, 15, 18, 19, 20, 22, 23, 25, 41, 42, 51, 73, 81, 124], "summary": {"covered_lines": 21, "num_statements": 21, "percent_covered": 100.0, "percent_covered_display": "100", "missing_lines": 0, "excluded_lines": 0, "percent_statements_covered": 100.0, "percent_statements_covered_display": "100"}, "missing_lines": [], "excluded_lines": []}}}, "scout_mcp/middleware/timing.py": {"executed_lines": [1, 3, 4, 5, 6, 7, 9, 11, 14, 15, 16, 18, 19, 20, 21, 23, 24, 26, 28, 30, 31, 32, 33, 35, 37, 46, 47, 57, 69, 70, 72, 86, 87, 89, 90, 91, 93, 94, 100, 106, 108, 109, 110, 116, 119, 120, 133, 144, 145, 146, 148, 154, 156, 160, 176, 178, 179, 180, 182, 184, 191, 197, 210, 216, 217, 219, 225, 226, 228, 237, 245, 253], "summary": {"covered_lines": 68, "num_statements": 80, "percent_covered": 85.0, "percent_covered_display": "85", "missing_lines": 12, "excluded_lines": 0, "percent_statements_covered": 85.0, "percent_statements_covered_display": "85"}, "missing_lines": [158, 185, 199, 200, 201, 202, 208, 234, 235, 243, 251, 259], "excluded_lines": [], "functions": {"TimingStats.avg_ms": {"executed_lines": [26], "summary": {"covered_lines": 1, "num_statements": 1, "percent_covered": 100.0, "percent_covered_display": "100", "missing_lines": 0, "excluded_lines": 0, "percent_statements_covered": 100.0, "percent_statements_covered_display": "100"}, "missing_lines": [], "excluded_lines": []}, "TimingStats.record": {"executed_lines": [30, 31, 32, 33], "summary": {"covered_lines": 4, "num_statements": 4, "percent_covered": 100.0, "percent_covered_display": "100", "missing_lines": 0, "excluded_lines": 0, "percent_statements_covered": 100.0, "percent_statements_covered_display": "100"}, "missing_lines": [], "excluded_lines": []}, "TimingStats.to_dict": {"executed_lines": [37], "summary": {"covered_lines": 1, "num_statements": 1, "percent_covered": 100.0, "percent_covered_display": "100", "missing_lines": 0, "excluded_lines": 0, "percent_statements_covered": 100.0, "percent_statements_covered_display": "100"}, "missing_lines": [], "excluded_lines": []}, "TimingMiddleware.__init__": {"executed_lines": [69, 70], "summary": {"covered_lines": 2, "num_statements": 2, "percent_covered": 100.0, "percent_covered_display": "100", "missing_lines": 0, "excluded_lines": 0, "percent_statements_covered": 100.0, "percent_statements_covered_display": "100"}, "missing_lines": [], "excluded_lines": []}, "TimingMiddleware.on_request": {"executed_lines": [86, 87, 89, 90, 91, 93, 94, 100, 106, 108, 109, 110, 116], "summary": {"covered_lines": 13, "num_statements": 13, "percent_covered": 100.0, "percent_covered_display": "100", "missing_lines": 0, "excluded_lines": 0, "percent_statements_covered": 100.0, "percent_statements_covered_display": "100"}, "missing_lines": [], "excluded_lines": []}, "DetailedTimingMiddleware.__init__": {"executed_lines": [144, 145, 146], "summary": {"covered_lines": 3, "num_statements": 3, "percent_covered": 100.0, "percent_covered_display": "100", "missing_lines": 0, "excluded_lines": 0, "percent_statements_covered": 100.0, "percent_statements_covered_display": "100"}, "missing_lines": [], "excluded_lines": []}, "DetailedTimingMiddleware.get_timing_stats": {"executed_lines": [154], "summary": {"covered_lines": 1, "num_statements": 1, "percent_covered": 100.0, "percent_covered_display": "100", "missing_lines": 0, "excluded_lines": 0, "percent_statements_covered": 100.0, "percent_statements_covered_display": "100"}, "missing_lines": [], "excluded_lines": []}, "DetailedTimingMiddleware.reset_stats": {"executed_lines": [], "summary": {"covered_lines": 0, "num_statements": 1, "percent_covered": 0.0, "percent_covered_display": "0", "missing_lines": 1, "excluded_lines": 0, "percent_statements_covered": 0.0, "percent_statements_covered_display": "0"}, "missing_lines": [158], "excluded_lines": []}, "DetailedTimingMiddleware._time_operation": {"executed_lines": [176, 178, 179, 180, 182, 184, 191, 197], "summary": {"covered_lines": 8, "num_statements": 14, "percent_covered": 57.142857142857146, "percent_covered_display": "57", "missing_lines": 6, "excluded_lines": 0, "percent_statements_covered": 57.142857142857146, "percent_statements_covered_display": "57"}, "missing_lines": [185, 199, 200, 201, 202, 208], "excluded_lines": []}, "DetailedTimingMiddleware.on_call_tool": {"executed_lines": [216, 217], "summary": {"covered_lines": 2, "num_statements": 2, "percent_covered": 100.0, "percent_covered_display": "100", "missing_lines": 0, "excluded_lines": 0, "percent_statements_covered": 100.0, "percent_statements_covered_display": "100"}, "missing_lines": [], "excluded_lines": []}, "DetailedTimingMiddleware.on_read_resource": {"executed_lines": [225, 226], "summary": {"covered_lines": 2, "num_statements": 2, "percent_covered": 100.0, "percent_covered_display": "100", "missing_lines": 0, "excluded_lines": 0, "percent_statements_covered": 100.0, "percent_statements_covered_display": "100"}, "missing_lines": [], "excluded_lines": []}, "DetailedTimingMiddleware.on_get_prompt": {"executed_lines": [], "summary": {"covered_lines": 0, "num_statements": 2, "percent_covered": 0.0, "percent_covered_display": "0", "missing_lines": 2, "excluded_lines": 0, "percent_statements_covered": 0.0, "percent_statements_covered_display": "0"}, "missing_lines": [234, 235], "excluded_lines": []}, "DetailedTimingMiddleware.on_list_tools": {"executed_lines": [], "summary": {"covered_lines": 0, "num_statements": 1, "percent_covered": 0.0, "percent_covered_display": "0", "missing_lines": 1, "excluded_lines": 0, "percent_statements_covered": 0.0, "percent_statements_covered_display": "0"}, "missing_lines": [243], "excluded_lines": []}, "DetailedTimingMiddleware.on_list_resources": {"executed_lines": [], "summary": {"covered_lines": 0, "num_statements": 1, "percent_covered": 0.0, "percent_covered_display": "0", "missing_lines": 1, "excluded_lines": 0, "percent_statements_covered": 0.0, "percent_statements_covered_display": "0"}, "missing_lines": [251], "excluded_lines": []}, "DetailedTimingMiddleware.on_list_prompts": {"executed_lines": [], "summary": {"covered_lines": 0, "num_statements": 1, "percent_covered": 0.0, "percent_covered_display": "0", "missing_lines": 1, "excluded_lines": 0, "percent_statements_covered": 0.0, "percent_statements_covered_display": "0"}, "missing_lines": [259], "excluded_lines": []}, "": {"executed_lines": [1, 3, 4, 5, 6, 7, 9, 11, 14, 15, 16, 18, 19, 20, 21, 23, 24, 28, 35, 46, 47, 57, 72, 119, 120, 133, 148, 156, 160, 210, 219, 228, 237, 245, 253], "summary": {"covered_lines": 31, "num_statements": 31, "percent_covered": 100.0, "percent_covered_display": "100", "missing_lines": 0, "excluded_lines": 0, "percent_statements_covered": 100.0, "percent_statements_covered_display": "100"}, "missing_lines": [], "excluded_lines": []}}, "classes": {"TimingStats": {"executed_lines": [26, 30, 31, 32, 33, 37], "summary": {"covered_lines": 6, "num_statements": 6, "percent_covered": 100.0, "percent_covered_display": "100", "missing_lines": 0, "excluded_lines": 0, "percent_statements_covered": 100.0, "percent_statements_covered_display": "100"}, "missing_lines": [], "excluded_lines": []}, "TimingMiddleware": {"executed_lines": [69, 70, 86, 87, 89, 90, 91, 93, 94, 100, 106, 108, 109, 110, 116], "summary": {"covered_lines": 15, "num_statements": 15, "percent_covered": 100.0, "percent_covered_display": "100", "missing_lines": 0, "excluded_lines": 0, "percent_statements_covered": 100.0, "percent_statements_covered_display": "100"}, "missing_lines": [], "excluded_lines": []}, "DetailedTimingMiddleware": {"executed_lines": [144, 145, 146, 154, 176, 178, 179, 180, 182, 184, 191, 197, 216, 217, 225, 226], "summary": {"covered_lines": 16, "num_statements": 28, "percent_covered": 57.142857142857146, "percent_covered_display": "57", "missing_lines": 12, "excluded_lines": 0, "percent_statements_covered": 57.142857142857146, "percent_statements_covered_display": "57"}, "missing_lines": [158, 185, 199, 200, 201, 202, 208, 234, 235, 243, 251, 259], "excluded_lines": []}, "": {"executed_lines": [1, 3, 4, 5, 6, 7, 9, 11, 14, 15, 16, 18, 19, 20, 21, 23, 24, 28, 35, 46, 47, 57, 72, 119, 120, 133, 148, 156, 160, 210, 219, 228, 237, 245, 253], "summary": {"covered_lines": 31, "num_statements": 31, "percent_covered": 100.0, "percent_covered_display": "100", "missing_lines": 0, "excluded_lines": 0, "percent_statements_covered": 100.0, "percent_statements_covered_display": "100"}, "missing_lines": [], "excluded_lines": []}}}, "scout_mcp/models/__init__.py": {"executed_lines": [1, 3, 4, 5, 6, 8], "summary": {"covered_lines": 5, "num_statements": 5, "percent_covered": 100.0, "percent_covered_display": "100", "missing_lines": 0, "excluded_lines": 0, "percent_statements_covered": 100.0, "percent_statements_covered_display": "100"}, "missing_lines": [], "excluded_lines": [], "functions": {"": {"executed_lines": [1, 3, 4, 5, 6, 8], "summary": {"covered_lines": 5, "num_statements": 5, "percent_covered": 100.0, "percent_covered_display": "100", "missing_lines": 0, "excluded_lines": 0, "percent_statements_covered": 100.0, "percent_statements_covered_display": "100"}, "missing_lines": [], "excluded_lines": []}}, "classes": {"": {"executed_lines": [1, 3, 4, 5, 6, 8], "summary": {"covered_lines": 5, "num_statements": 5, "percent_covered": 100.0, "percent_covered_display": "100", "missing_lines": 0, "excluded_lines": 0, "percent_statements_covered": 100.0, "percent_statements_covered_display": "100"}, "missing_lines": [], "excluded_lines": []}}}, "scout_mcp/models/broadcast.py": {"executed_lines": [1, 3, 6, 7, 8, 10, 11, 12, 13, 14], "summary": {"covered_lines": 8, "num_statements": 8, "percent_covered": 100.0, "percent_covered_display": "100", "missing_lines": 0, "excluded_lines": 0, "percent_statements_covered": 100.0, "percent_statements_covered_display": "100"}, "missing_lines": [], "excluded_lines": [], "functions": {"": {"executed_lines": [1, 3, 6, 7, 8, 10, 11, 12, 13, 14], "summary": {"covered_lines": 8, "num_statements": 8, "percent_covered": 100.0, "percent_covered_display": "100", "missing_lines": 0, "excluded_lines": 0, "percent_statements_covered": 100.0, "percent_statements_covered_display": "100"}, "missing_lines": [], "excluded_lines": []}}, "classes": {"BroadcastResult": {"executed_lines": [], "summary": {"covered_lines": 0, "num_statements": 0, "percent_covered": 100.0, "percent_covered_display": "100", "missing_lines": 0, "excluded_lines": 0, "percent_statements_covered": 100.0, "percent_statements_covered_display": "100"}, "missing_lines": [], "excluded_lines": []}, "": {"executed_lines": [1, 3, 6, 7, 8, 10, 11, 12, 13, 14], "summary": {"covered_lines": 8, "num_statements": 8, "percent_covered": 100.0, "percent_covered_display": "100", "missing_lines": 0, "excluded_lines": 0, "percent_statements_covered": 100.0, "percent_statements_covered_display": "100"}, "missing_lines": [], "excluded_lines": []}}}, "scout_mcp/models/command.py": {"executed_lines": [1, 3, 6, 7, 8, 10, 11, 12], "summary": {"covered_lines": 6, "num_statements": 6, "percent_covered": 100.0, "percent_covered_display": "100", "missing_lines": 0, "excluded_lines": 0, "percent_statements_covered": 100.0, "percent_statements_covered_display": "100"}, "missing_lines": [], "excluded_lines": [], "functions": {"": {"executed_lines": [1, 3, 6, 7, 8, 10, 11, 12], "summary": {"covered_lines": 6, "num_statements": 6, "percent_covered": 100.0, "percent_covered_display": "100", "missing_lines": 0, "excluded_lines": 0, "percent_statements_covered": 100.0, "percent_statements_covered_display": "100"}, "missing_lines": [], "excluded_lines": []}}, "classes": {"CommandResult": {"executed_lines": [], "summary": {"covered_lines": 0, "num_statements": 0, "percent_covered": 100.0, "percent_covered_display": "100", "missing_lines": 0, "excluded_lines": 0, "percent_statements_covered": 100.0, "percent_statements_covered_display": "100"}, "missing_lines": [], "excluded_lines": []}, "": {"executed_lines": [1, 3, 6, 7, 8, 10, 11, 12], "summary": {"covered_lines": 6, "num_statements": 6, "percent_covered": 100.0, "percent_covered_display": "100", "missing_lines": 0, "excluded_lines": 0, "percent_statements_covered": 100.0, "percent_statements_covered_display": "100"}, "missing_lines": [], "excluded_lines": []}}}, "scout_mcp/models/ssh.py": {"executed_lines": [1, 3, 4, 5, 7, 11, 12, 13, 15, 16, 17, 18, 19, 20, 22, 23, 29, 31, 32, 38, 41, 42, 43, 45, 46, 48, 50, 52, 53, 55, 56], "summary": {"covered_lines": 27, "num_statements": 27, "percent_covered": 100.0, "percent_covered_display": "100", "missing_lines": 0, "excluded_lines": 2, "percent_statements_covered": 100.0, "percent_statements_covered_display": "100"}, "missing_lines": [], "excluded_lines": [7, 8], "functions": {"SSHHost.connection_hostname": {"executed_lines": [29], "summary": {"covered_lines": 1, "num_statements": 1, "percent_covered": 100.0, "percent_covered_display": "100", "missing_lines": 0, "excluded_lines": 0, "percent_statements_covered": 100.0, "percent_statements_covered_display": "100"}, "missing_lines": [], "excluded_lines": []}, "SSHHost.connection_port": {"executed_lines": [38], "summary": {"covered_lines": 1, "num_statements": 1, "percent_covered": 100.0, "percent_covered_display": "100", "missing_lines": 0, "excluded_lines": 0, "percent_statements_covered": 100.0, "percent_statements_covered_display": "100"}, "missing_lines": [], "excluded_lines": []}, "PooledConnection.touch": {"executed_lines": [50], "summary": {"covered_lines": 1, "num_statements": 1, "percent_covered": 100.0, "percent_covered_display": "100", "missing_lines": 0, "excluded_lines": 0, "percent_statements_covered": 100.0, "percent_statements_covered_display": "100"}, "missing_lines": [], "excluded_lines": []}, "PooledConnection.is_stale": {"executed_lines": [55, 56], "summary": {"covered_lines": 2, "num_statements": 2, "percent_covered": 100.0, "percent_covered_display": "100", "missing_lines": 0, "excluded_lines": 0, "percent_statements_covered": 100.0, "percent_statements_covered_display": "100"}, "missing_lines": [], "excluded_lines": []}, "": {"executed_lines": [1, 3, 4, 5, 7, 11, 12, 13, 15, 16, 17, 18, 19, 20, 22, 23, 31, 32, 41, 42, 43, 45, 46, 48, 52, 53], "summary": {"covered_lines": 22, "num_statements": 22, "percent_covered": 100.0, "percent_covered_display": "100", "missing_lines": 0, "excluded_lines": 2, "percent_statements_covered": 100.0, "percent_statements_covered_display": "100"}, "missing_lines": [], "excluded_lines": [7, 8]}}, "classes": {"SSHHost": {"executed_lines": [29, 38], "summary": {"covered_lines": 2, "num_statements": 2, "percent_covered": 100.0, "percent_covered_display": "100", "missing_lines": 0, "excluded_lines": 0, "percent_statements_covered": 100.0, "percent_statements_covered_display": "100"}, "missing_lines": [], "excluded_lines": []}, "PooledConnection": {"executed_lines": [50, 55, 56], "summary": {"covered_lines": 3, "num_statements": 3, "percent_covered": 100.0, "percent_covered_display": "100", "missing_lines": 0, "excluded_lines": 0, "percent_statements_covered": 100.0, "percent_statements_covered_display": "100"}, "missing_lines": [], "excluded_lines": []}, "": {"executed_lines": [1, 3, 4, 5, 7, 11, 12, 13, 15, 16, 17, 18, 19, 20, 22, 23, 31, 32, 41, 42, 43, 45, 46, 48, 52, 53], "summary": {"covered_lines": 22, "num_statements": 22, "percent_covered": 100.0, "percent_covered_display": "100", "missing_lines": 0, "excluded_lines": 2, "percent_statements_covered": 100.0, "percent_statements_covered_display": "100"}, "missing_lines": [], "excluded_lines": [7, 8]}}}, "scout_mcp/models/target.py": {"executed_lines": [1, 3, 6, 7, 8, 10, 11, 12], "summary": {"covered_lines": 6, "num_statements": 6, "percent_covered": 100.0, "percent_covered_display": "100", "missing_lines": 0, "excluded_lines": 0, "percent_statements_covered": 100.0, "percent_statements_covered_display": "100"}, "missing_lines": [], "excluded_lines": [], "functions": {"": {"executed_lines": [1, 3, 6, 7, 8, 10, 11, 12], "summary": {"covered_lines": 6, "num_statements": 6, "percent_covered": 100.0, "percent_covered_display": "100", "missing_lines": 0, "excluded_lines": 0, "percent_statements_covered": 100.0, "percent_statements_covered_display": "100"}, "missing_lines": [], "excluded_lines": []}}, "classes": {"ScoutTarget": {"executed_lines": [], "summary": {"covered_lines": 0, "num_statements": 0, "percent_covered": 100.0, "percent_covered_display": "100", "missing_lines": 0, "excluded_lines": 0, "percent_statements_covered": 100.0, "percent_statements_covered_display": "100"}, "missing_lines": [], "excluded_lines": []}, "": {"executed_lines": [1, 3, 6, 7, 8, 10, 11, 12], "summary": {"covered_lines": 6, "num_statements": 6, "percent_covered": 100.0, "percent_covered_display": "100", "missing_lines": 0, "excluded_lines": 0, "percent_statements_covered": 100.0, "percent_statements_covered_display": "100"}, "missing_lines": [], "excluded_lines": []}}}, "scout_mcp/prompts/__init__.py": {"executed_lines": [], "summary": {"covered_lines": 0, "num_statements": 0, "percent_covered": 100.0, "percent_covered_display": "100", "missing_lines": 0, "excluded_lines": 0, "percent_statements_covered": 100.0, "percent_statements_covered_display": "100"}, "missing_lines": [], "excluded_lines": [], "functions": {"": {"executed_lines": [], "summary": {"covered_lines": 0, "num_statements": 0, "percent_covered": 100.0, "percent_covered_display": "100", "missing_lines": 0, "excluded_lines": 0, "percent_statements_covered": 100.0, "percent_statements_covered_display": "100"}, "missing_lines": [], "excluded_lines": []}}, "classes": {"": {"executed_lines": [], "summary": {"covered_lines": 0, "num_statements": 0, "percent_covered": 100.0, "percent_covered_display": "100", "missing_lines": 0, "excluded_lines": 0, "percent_statements_covered": 100.0, "percent_statements_covered_display": "100"}, "missing_lines": [], "excluded_lines": []}}}, "scout_mcp/resources/__init__.py": {"executed_lines": [1, 3, 8, 9, 10, 11, 12, 19], "summary": {"covered_lines": 7, "num_statements": 7, "percent_covered": 100.0, "percent_covered_display": "100", "missing_lines": 0, "excluded_lines": 0, "percent_statements_covered": 100.0, "percent_statements_covered_display": "100"}, "missing_lines": [], "excluded_lines": [], "functions": {"": {"executed_lines": [1, 3, 8, 9, 10, 11, 12, 19], "summary": {"covered_lines": 7, "num_statements": 7, "percent_covered": 100.0, "percent_covered_display": "100", "missing_lines": 0, "excluded_lines": 0, "percent_statements_covered": 100.0, "percent_statements_covered_display": "100"}, "missing_lines": [], "excluded_lines": []}}, "classes": {"": {"executed_lines": [1, 3, 8, 9, 10, 11, 12, 19], "summary": {"covered_lines": 7, "num_statements": 7, "percent_covered": 100.0, "percent_covered_display": "100", "missing_lines": 0, "excluded_lines": 0, "percent_statements_covered": 100.0, "percent_statements_covered_display": "100"}, "missing_lines": [], "excluded_lines": []}}}, "scout_mcp/resources/compose.py": {"executed_lines": [1, 3, 5, 7, 8, 9, 10, 13, 58, 93], "summary": {"covered_lines": 9, "num_statements": 50, "percent_covered": 18.0, "percent_covered_display": "18", "missing_lines": 41, "excluded_lines": 0, "percent_statements_covered": 18.0, "percent_statements_covered_display": "18"}, "missing_lines": [23, 26, 27, 28, 29, 32, 34, 35, 40, 46, 47, 48, 49, 50, 51, 52, 53, 55, 69, 72, 73, 74, 75, 78, 80, 81, 86, 87, 89, 90, 104, 107, 108, 109, 110, 113, 115, 116, 121, 122, 125], "excluded_lines": [], "functions": {"compose_list_resource": {"executed_lines": [], "summary": {"covered_lines": 0, "num_statements": 18, "percent_covered": 0.0, "percent_covered_display": "0", "missing_lines": 18, "excluded_lines": 0, "percent_statements_covered": 0.0, "percent_statements_covered_display": "0"}, "missing_lines": [23, 26, 27, 28, 29, 32, 34, 35, 40, 46, 47, 48, 49, 50, 51, 52, 53, 55], "excluded_lines": []}, "compose_file_resource": {"executed_lines": [], "summary": {"covered_lines": 0, "num_statements": 12, "percent_covered": 0.0, "percent_covered_display": "0", "missing_lines": 12, "excluded_lines": 0, "percent_statements_covered": 0.0, "percent_statements_covered_display": "0"}, "missing_lines": [69, 72, 73, 74, 75, 78, 80, 81, 86, 87, 89, 90], "excluded_lines": []}, "compose_logs_resource": {"executed_lines": [], "summary": {"covered_lines": 0, "num_statements": 11, "percent_covered": 0.0, "percent_covered_display": "0", "missing_lines": 11, "excluded_lines": 0, "percent_statements_covered": 0.0, "percent_statements_covered_display": "0"}, "missing_lines": [104, 107, 108, 109, 110, 113, 115, 116, 121, 122, 125], "excluded_lines": []}, "": {"executed_lines": [1, 3, 5, 7, 8, 9, 10, 13, 58, 93], "summary": {"covered_lines": 9, "num_statements": 9, "percent_covered": 100.0, "percent_covered_display": "100", "missing_lines": 0, "excluded_lines": 0, "percent_statements_covered": 100.0, "percent_statements_covered_display": "100"}, "missing_lines": [], "excluded_lines": []}}, "classes": {"": {"executed_lines": [1, 3, 5, 7, 8, 9, 10, 13, 58, 93], "summary": {"covered_lines": 9, "num_statements": 50, "percent_covered": 18.0, "percent_covered_display": "18", "missing_lines": 41, "excluded_lines": 0, "percent_statements_covered": 18.0, "percent_statements_covered_display": "18"}, "missing_lines": [23, 26, 27, 28, 29, 32, 34, 35, 40, 46, 47, 48, 49, 50, 51, 52, 53, 55, 69, 72, 73, 74, 75, 78, 80, 81, 86, 87, 89, 90, 104, 107, 108, 109, 110, 113, 115, 116, 121, 122, 125], "excluded_lines": []}}}, "scout_mcp/resources/docker.py": {"executed_lines": [1, 3, 5, 7, 8, 9, 10, 13, 58], "summary": {"covered_lines": 8, "num_statements": 39, "percent_covered": 20.512820512820515, "percent_covered_display": "21", "missing_lines": 31, "excluded_lines": 0, "percent_statements_covered": 20.512820512820515, "percent_statements_covered_display": "21"}, "missing_lines": [27, 30, 31, 32, 33, 36, 37, 38, 39, 41, 42, 47, 48, 51, 68, 71, 72, 73, 74, 77, 79, 80, 85, 91, 92, 93, 94, 95, 96, 97, 99], "excluded_lines": [], "functions": {"docker_logs_resource": {"executed_lines": [], "summary": {"covered_lines": 0, "num_statements": 14, "percent_covered": 0.0, "percent_covered_display": "0", "missing_lines": 14, "excluded_lines": 0, "percent_statements_covered": 0.0, "percent_statements_covered_display": "0"}, "missing_lines": [27, 30, 31, 32, 33, 36, 37, 38, 39, 41, 42, 47, 48, 51], "excluded_lines": []}, "docker_list_resource": {"executed_lines": [], "summary": {"covered_lines": 0, "num_statements": 17, "percent_covered": 0.0, "percent_covered_display": "0", "missing_lines": 17, "excluded_lines": 0, "percent_statements_covered": 0.0, "percent_statements_covered_display": "0"}, "missing_lines": [68, 71, 72, 73, 74, 77, 79, 80, 85, 91, 92, 93, 94, 95, 96, 97, 99], "excluded_lines": []}, "": {"executed_lines": [1, 3, 5, 7, 8, 9, 10, 13, 58], "summary": {"covered_lines": 8, "num_statements": 8, "percent_covered": 100.0, "percent_covered_display": "100", "missing_lines": 0, "excluded_lines": 0, "percent_statements_covered": 100.0, "percent_statements_covered_display": "100"}, "missing_lines": [], "excluded_lines": []}}, "classes": {"": {"executed_lines": [1, 3, 5, 7, 8, 9, 10, 13, 58], "summary": {"covered_lines": 8, "num_statements": 39, "percent_covered": 20.512820512820515, "percent_covered_display": "21", "missing_lines": 31, "excluded_lines": 0, "percent_statements_covered": 20.512820512820515, "percent_statements_covered_display": "21"}, "missing_lines": [27, 30, 31, 32, 33, 36, 37, 38, 39, 41, 42, 47, 48, 51, 68, 71, 72, 73, 74, 77, 79, 80, 85, 91, 92, 93, 94, 95, 96, 97, 99], "excluded_lines": []}}}, "scout_mcp/resources/hosts.py": {"executed_lines": [1, 3, 4, 7, 14, 15, 17, 21, 24, 26, 28, 29, 30, 31, 33, 34, 35, 36, 37, 38, 39, 40, 41, 43, 44, 46, 47, 48, 49, 50, 51, 52, 53, 54, 55, 56, 57, 59, 60, 62], "summary": {"covered_lines": 39, "num_statements": 40, "percent_covered": 97.5, "percent_covered_display": "98", "missing_lines": 1, "excluded_lines": 0, "percent_statements_covered": 97.5, "percent_statements_covered_display": "98"}, "missing_lines": [18], "excluded_lines": [], "functions": {"list_hosts_resource": {"executed_lines": [14, 15, 17, 21, 24, 26, 28, 29, 30, 31, 33, 34, 35, 36, 37, 38, 39, 40, 41, 43, 44, 46, 47, 48, 49, 50, 51, 52, 53, 54, 55, 56, 57, 59, 60, 62], "summary": {"covered_lines": 36, "num_statements": 37, "percent_covered": 97.29729729729729, "percent_covered_display": "97", "missing_lines": 1, "excluded_lines": 0, "percent_statements_covered": 97.29729729729729, "percent_statements_covered_display": "97"}, "missing_lines": [18], "excluded_lines": []}, "": {"executed_lines": [1, 3, 4, 7], "summary": {"covered_lines": 3, "num_statements": 3, "percent_covered": 100.0, "percent_covered_display": "100", "missing_lines": 0, "excluded_lines": 0, "percent_statements_covered": 100.0, "percent_statements_covered_display": "100"}, "missing_lines": [], "excluded_lines": []}}, "classes": {"": {"executed_lines": [1, 3, 4, 7, 14, 15, 17, 21, 24, 26, 28, 29, 30, 31, 33, 34, 35, 36, 37, 38, 39, 40, 41, 43, 44, 46, 47, 48, 49, 50, 51, 52, 53, 54, 55, 56, 57, 59, 60, 62], "summary": {"covered_lines": 39, "num_statements": 40, "percent_covered": 97.5, "percent_covered_display": "98", "missing_lines": 1, "excluded_lines": 0, "percent_statements_covered": 97.5, "percent_statements_covered_display": "98"}, "missing_lines": [18], "excluded_lines": []}}}, "scout_mcp/resources/scout.py": {"executed_lines": [1, 3, 4, 6, 8, 13, 14, 15, 22, 25, 34, 36, 39, 40, 42, 47, 50, 53, 62, 76, 77, 80, 83, 102, 105, 108, 111, 112, 117, 118, 122, 123, 126, 127, 128, 129, 134, 135, 138, 144, 146, 148, 149, 150, 151, 152], "summary": {"covered_lines": 45, "num_statements": 59, "percent_covered": 76.27118644067797, "percent_covered_display": "76", "missing_lines": 14, "excluded_lines": 0, "percent_statements_covered": 76.27118644067797, "percent_statements_covered_display": "76"}, "missing_lines": [37, 48, 78, 113, 114, 119, 120, 130, 131, 139, 140, 141, 147, 155], "excluded_lines": [], "functions": {"_detect_file_type": {"executed_lines": [34, 36, 39, 40, 42, 47, 50], "summary": {"covered_lines": 7, "num_statements": 9, "percent_covered": 77.77777777777777, "percent_covered_display": "78", "missing_lines": 2, "excluded_lines": 0, "percent_statements_covered": 77.77777777777777, "percent_statements_covered_display": "78"}, "missing_lines": [37, 48], "excluded_lines": []}, "_get_mime_type": {"executed_lines": [62, 76, 77, 80], "summary": {"covered_lines": 4, "num_statements": 5, "percent_covered": 80.0, "percent_covered_display": "80", "missing_lines": 1, "excluded_lines": 0, "percent_statements_covered": 80.0, "percent_statements_covered_display": "80"}, "missing_lines": [78], "excluded_lines": []}, "scout_resource": {"executed_lines": [102, 105, 108, 111, 112, 117, 118, 122, 123, 126, 127, 128, 129, 134, 135, 138, 144, 146, 148, 149, 150, 151, 152], "summary": {"covered_lines": 23, "num_statements": 34, "percent_covered": 67.6470588235294, "percent_covered_display": "68", "missing_lines": 11, "excluded_lines": 0, "percent_statements_covered": 67.6470588235294, "percent_statements_covered_display": "68"}, "missing_lines": [113, 114, 119, 120, 130, 131, 139, 140, 141, 147, 155], "excluded_lines": []}, "": {"executed_lines": [1, 3, 4, 6, 8, 13, 14, 15, 22, 25, 53, 83], "summary": {"covered_lines": 11, "num_statements": 11, "percent_covered": 100.0, "percent_covered_display": "100", "missing_lines": 0, "excluded_lines": 0, "percent_statements_covered": 100.0, "percent_statements_covered_display": "100"}, "missing_lines": [], "excluded_lines": []}}, "classes": {"": {"executed_lines": [1, 3, 4, 6, 8, 13, 14, 15, 22, 25, 34, 36, 39, 40, 42, 47, 50, 53, 62, 76, 77, 80, 83, 102, 105, 108, 111, 112, 117, 118, 122, 123, 126, 127, 128, 129, 134, 135, 138, 144, 146, 148, 149, 150, 151, 152], "summary": {"covered_lines": 45, "num_statements": 59, "percent_covered": 76.27118644067797, "percent_covered_display": "76", "missing_lines": 14, "excluded_lines": 0, "percent_statements_covered": 76.27118644067797, "percent_statements_covered_display": "76"}, "missing_lines": [37, 48, 78, 113, 114, 119, 120, 130, 131, 139, 140, 141, 147, 155], "excluded_lines": []}}}, "scout_mcp/resources/syslog.py": {"executed_lines": [1, 3, 5, 7, 8, 9, 10, 13], "summary": {"covered_lines": 7, "num_statements": 17, "percent_covered": 41.1764705882353, "percent_covered_display": "41", "missing_lines": 10, "excluded_lines": 0, "percent_statements_covered": 41.1764705882353, "percent_statements_covered_display": "41"}, "missing_lines": [27, 30, 31, 32, 33, 36, 38, 39, 44, 47], "excluded_lines": [], "functions": {"syslog_resource": {"executed_lines": [], "summary": {"covered_lines": 0, "num_statements": 10, "percent_covered": 0.0, "percent_covered_display": "0", "missing_lines": 10, "excluded_lines": 0, "percent_statements_covered": 0.0, "percent_statements_covered_display": "0"}, "missing_lines": [27, 30, 31, 32, 33, 36, 38, 39, 44, 47], "excluded_lines": []}, "": {"executed_lines": [1, 3, 5, 7, 8, 9, 10, 13], "summary": {"covered_lines": 7, "num_statements": 7, "percent_covered": 100.0, "percent_covered_display": "100", "missing_lines": 0, "excluded_lines": 0, "percent_statements_covered": 100.0, "percent_statements_covered_display": "100"}, "missing_lines": [], "excluded_lines": []}}, "classes": {"": {"executed_lines": [1, 3, 5, 7, 8, 9, 10, 13], "summary": {"covered_lines": 7, "num_statements": 17, "percent_covered": 41.1764705882353, "percent_covered_display": "41", "missing_lines": 10, "excluded_lines": 0, "percent_statements_covered": 41.1764705882353, "percent_statements_covered_display": "41"}, "missing_lines": [27, 30, 31, 32, 33, 36, 38, 39, 44, 47], "excluded_lines": []}}}, "scout_mcp/resources/zfs.py": {"executed_lines": [1, 3, 5, 6, 13, 16, 76, 115, 171], "summary": {"covered_lines": 8, "num_statements": 85, "percent_covered": 9.411764705882353, "percent_covered_display": "9", "missing_lines": 77, "excluded_lines": 0, "percent_statements_covered": 9.411764705882353, "percent_statements_covered_display": "9"}, "missing_lines": [26, 29, 30, 31, 32, 35, 36, 37, 45, 47, 48, 50, 58, 59, 60, 61, 62, 63, 64, 65, 67, 68, 69, 70, 71, 73, 87, 90, 91, 92, 93, 96, 97, 98, 101, 103, 104, 105, 106, 111, 112, 126, 129, 130, 131, 132, 135, 136, 137, 142, 144, 145, 150, 158, 159, 160, 161, 162, 166, 168, 181, 184, 185, 186, 187, 190, 191, 192, 195, 197, 198, 200, 207, 208, 209, 210, 212], "excluded_lines": [], "functions": {"zfs_overview_resource": {"executed_lines": [], "summary": {"covered_lines": 0, "num_statements": 26, "percent_covered": 0.0, "percent_covered_display": "0", "missing_lines": 26, "excluded_lines": 0, "percent_statements_covered": 0.0, "percent_statements_covered_display": "0"}, "missing_lines": [26, 29, 30, 31, 32, 35, 36, 37, 45, 47, 48, 50, 58, 59, 60, 61, 62, 63, 64, 65, 67, 68, 69, 70, 71, 73], "excluded_lines": []}, "zfs_pool_resource": {"executed_lines": [], "summary": {"covered_lines": 0, "num_statements": 15, "percent_covered": 0.0, "percent_covered_display": "0", "missing_lines": 15, "excluded_lines": 0, "percent_statements_covered": 0.0, "percent_statements_covered_display": "0"}, "missing_lines": [87, 90, 91, 92, 93, 96, 97, 98, 101, 103, 104, 105, 106, 111, 112], "excluded_lines": []}, "zfs_datasets_resource": {"executed_lines": [], "summary": {"covered_lines": 0, "num_statements": 19, "percent_covered": 0.0, "percent_covered_display": "0", "missing_lines": 19, "excluded_lines": 0, "percent_statements_covered": 0.0, "percent_statements_covered_display": "0"}, "missing_lines": [126, 129, 130, 131, 132, 135, 136, 137, 142, 144, 145, 150, 158, 159, 160, 161, 162, 166, 168], "excluded_lines": []}, "zfs_snapshots_resource": {"executed_lines": [], "summary": {"covered_lines": 0, "num_statements": 17, "percent_covered": 0.0, "percent_covered_display": "0", "missing_lines": 17, "excluded_lines": 0, "percent_statements_covered": 0.0, "percent_statements_covered_display": "0"}, "missing_lines": [181, 184, 185, 186, 187, 190, 191, 192, 195, 197, 198, 200, 207, 208, 209, 210, 212], "excluded_lines": []}, "": {"executed_lines": [1, 3, 5, 6, 13, 16, 76, 115, 171], "summary": {"covered_lines": 8, "num_statements": 8, "percent_covered": 100.0, "percent_covered_display": "100", "missing_lines": 0, "excluded_lines": 0, "percent_statements_covered": 100.0, "percent_statements_covered_display": "100"}, "missing_lines": [], "excluded_lines": []}}, "classes": {"": {"executed_lines": [1, 3, 5, 6, 13, 16, 76, 115, 171], "summary": {"covered_lines": 8, "num_statements": 85, "percent_covered": 9.411764705882353, "percent_covered_display": "9", "missing_lines": 77, "excluded_lines": 0, "percent_statements_covered": 9.411764705882353, "percent_statements_covered_display": "9"}, "missing_lines": [26, 29, 30, 31, 32, 35, 36, 37, 45, 47, 48, 50, 58, 59, 60, 61, 62, 63, 64, 65, 67, 68, 69, 70, 71, 73, 87, 90, 91, 92, 93, 96, 97, 98, 101, 103, 104, 105, 106, 111, 112, 126, 129, 130, 131, 132, 135, 136, 137, 142, 144, 145, 150, 158, 159, 160, 161, 162, 166, 168, 181, 184, 185, 186, 187, 190, 191, 192, 195, 197, 198, 200, 207, 208, 209, 210, 212], "excluded_lines": []}}}, "scout_mcp/server.py": {"executed_lines": [1, 7, 8, 9, 10, 11, 12, 14, 15, 16, 18, 24, 38, 39, 40, 43, 50, 51, 54, 55, 58, 59, 62, 63, 64, 65, 66, 69, 80, 81, 82, 83, 86, 87, 88, 92, 94, 97, 107, 110, 123, 135, 140, 145, 154, 159, 164, 169, 174, 183, 184, 196, 197, 198, 199, 206, 208, 209, 212, 214, 215, 218, 221, 229, 237, 239, 240, 243, 245, 246, 249, 251, 252, 255, 258, 266, 274, 282, 284, 285, 288, 290, 291, 294, 296, 297, 300, 302, 303, 306, 309, 317, 325, 333, 341, 343, 344, 347, 350, 358, 360, 361, 364, 366, 373, 374, 379, 381, 382, 385, 386, 387, 394, 397, 411, 412, 413, 417, 418, 426, 432, 437, 442, 445, 446, 447, 450, 451, 454, 455, 457, 458, 459, 462, 465, 466, 469, 473, 477], "summary": {"covered_lines": 138, "num_statements": 163, "percent_covered": 84.66257668711657, "percent_covered_display": "85", "missing_lines": 25, "excluded_lines": 0, "percent_statements_covered": 84.66257668711657, "percent_statements_covered_display": "85"}, "missing_lines": [120, 132, 137, 142, 151, 156, 161, 166, 171, 180, 210, 216, 241, 247, 253, 286, 292, 298, 304, 345, 362, 388, 393, 470, 471], "excluded_lines": [], "functions": {"_configure_logging": {"executed_lines": [50, 51, 54, 55, 58, 59, 62, 63, 64, 65, 66, 69, 80, 81, 82, 83, 86, 87, 88], "summary": {"covered_lines": 19, "num_statements": 19, "percent_covered": 100.0, "percent_covered_display": "100", "missing_lines": 0, "excluded_lines": 0, "percent_statements_covered": 100.0, "percent_statements_covered_display": "100"}, "missing_lines": [], "excluded_lines": []}, "_read_host_path": {"executed_lines": [107], "summary": {"covered_lines": 1, "num_statements": 1, "percent_covered": 100.0, "percent_covered_display": "100", "missing_lines": 0, "excluded_lines": 0, "percent_statements_covered": 100.0, "percent_statements_covered_display": "100"}, "missing_lines": [], "excluded_lines": []}, "_read_docker_logs": {"executed_lines": [], "summary": {"covered_lines": 0, "num_statements": 1, "percent_covered": 0.0, "percent_covered_display": "0", "missing_lines": 1, "excluded_lines": 0, "percent_statements_covered": 0.0, "percent_statements_covered_display": "0"}, "missing_lines": [120], "excluded_lines": []}, "_list_docker_containers": {"executed_lines": [], "summary": {"covered_lines": 0, "num_statements": 1, "percent_covered": 0.0, "percent_covered_display": "0", "missing_lines": 1, "excluded_lines": 0, "percent_statements_covered": 0.0, "percent_statements_covered_display": "0"}, "missing_lines": [132], "excluded_lines": []}, "_list_compose_projects": {"executed_lines": [], "summary": {"covered_lines": 0, "num_statements": 1, "percent_covered": 0.0, "percent_covered_display": "0", "missing_lines": 1, "excluded_lines": 0, "percent_statements_covered": 0.0, "percent_statements_covered_display": "0"}, "missing_lines": [137], "excluded_lines": []}, "_read_compose_file": {"executed_lines": [], "summary": {"covered_lines": 0, "num_statements": 1, "percent_covered": 0.0, "percent_covered_display": "0", "missing_lines": 1, "excluded_lines": 0, "percent_statements_covered": 0.0, "percent_statements_covered_display": "0"}, "missing_lines": [142], "excluded_lines": []}, "_read_compose_logs": {"executed_lines": [], "summary": {"covered_lines": 0, "num_statements": 1, "percent_covered": 0.0, "percent_covered_display": "0", "missing_lines": 1, "excluded_lines": 0, "percent_statements_covered": 0.0, "percent_statements_covered_display": "0"}, "missing_lines": [151], "excluded_lines": []}, "_zfs_overview": {"executed_lines": [], "summary": {"covered_lines": 0, "num_statements": 1, "percent_covered": 0.0, "percent_covered_display": "0", "missing_lines": 1, "excluded_lines": 0, "percent_statements_covered": 0.0, "percent_statements_covered_display": "0"}, "missing_lines": [156], "excluded_lines": []}, "_zfs_pool": {"executed_lines": [], "summary": {"covered_lines": 0, "num_statements": 1, "percent_covered": 0.0, "percent_covered_display": "0", "missing_lines": 1, "excluded_lines": 0, "percent_statements_covered": 0.0, "percent_statements_covered_display": "0"}, "missing_lines": [161], "excluded_lines": []}, "_zfs_datasets": {"executed_lines": [], "summary": {"covered_lines": 0, "num_statements": 1, "percent_covered": 0.0, "percent_covered_display": "0", "missing_lines": 1, "excluded_lines": 0, "percent_statements_covered": 0.0, "percent_statements_covered_display": "0"}, "missing_lines": [166], "excluded_lines": []}, "_zfs_snapshots": {"executed_lines": [], "summary": {"covered_lines": 0, "num_statements": 1, "percent_covered": 0.0, "percent_covered_display": "0", "missing_lines": 1, "excluded_lines": 0, "percent_statements_covered": 0.0, "percent_statements_covered_display": "0"}, "missing_lines": [171], "excluded_lines": []}, "_syslog": {"executed_lines": [], "summary": {"covered_lines": 0, "num_statements": 1, "percent_covered": 0.0, "percent_covered_display": "0", "missing_lines": 1, "excluded_lines": 0, "percent_statements_covered": 0.0, "percent_statements_covered_display": "0"}, "missing_lines": [180], "excluded_lines": []}, "app_lifespan": {"executed_lines": [196, 197, 198, 199, 206, 208, 214, 221, 229, 237, 239, 245, 251, 258, 266, 274, 282, 284, 290, 296, 302, 309, 317, 325, 333, 341, 343, 350, 358, 360, 366, 373, 374, 379, 381, 382, 385, 386, 387, 394], "summary": {"covered_lines": 40, "num_statements": 42, "percent_covered": 95.23809523809524, "percent_covered_display": "95", "missing_lines": 2, "excluded_lines": 0, "percent_statements_covered": 95.23809523809524, "percent_statements_covered_display": "95"}, "missing_lines": [388, 393], "excluded_lines": []}, "app_lifespan.make_docker_logs_handler": {"executed_lines": [209, 212], "summary": {"covered_lines": 2, "num_statements": 2, "percent_covered": 100.0, "percent_covered_display": "100", "missing_lines": 0, "excluded_lines": 0, "percent_statements_covered": 100.0, "percent_statements_covered_display": "100"}, "missing_lines": [], "excluded_lines": []}, "app_lifespan.make_docker_logs_handler.handler": {"executed_lines": [], "summary": {"covered_lines": 0, "num_statements": 1, "percent_covered": 0.0, "percent_covered_display": "0", "missing_lines": 1, "excluded_lines": 0, "percent_statements_covered": 0.0, "percent_statements_covered_display": "0"}, "missing_lines": [210], "excluded_lines": []}, "app_lifespan.make_docker_list_handler": {"executed_lines": [215, 218], "summary": {"covered_lines": 2, "num_statements": 2, "percent_covered": 100.0, "percent_covered_display": "100", "missing_lines": 0, "excluded_lines": 0, "percent_statements_covered": 100.0, "percent_statements_covered_display": "100"}, "missing_lines": [], "excluded_lines": []}, "app_lifespan.make_docker_list_handler.handler": {"executed_lines": [], "summary": {"covered_lines": 0, "num_statements": 1, "percent_covered": 0.0, "percent_covered_display": "0", "missing_lines": 1, "excluded_lines": 0, "percent_statements_covered": 0.0, "percent_statements_covered_display": "0"}, "missing_lines": [216], "excluded_lines": []}, "app_lifespan.make_compose_list_handler": {"executed_lines": [240, 243], "summary": {"covered_lines": 2, "num_statements": 2, "percent_covered": 100.0, "percent_covered_display": "100", "missing_lines": 0, "excluded_lines": 0, "percent_statements_covered": 100.0, "percent_statements_covered_display": "100"}, "missing_lines": [], "excluded_lines": []}, "app_lifespan.make_compose_list_handler.handler": {"executed_lines": [], "summary": {"covered_lines": 0, "num_statements": 1, "percent_covered": 0.0, "percent_covered_display": "0", "missing_lines": 1, "excluded_lines": 0, "percent_statements_covered": 0.0, "percent_statements_covered_display": "0"}, "missing_lines": [241], "excluded_lines": []}, "app_lifespan.make_compose_file_handler": {"executed_lines": [246, 249], "summary": {"covered_lines": 2, "num_statements": 2, "percent_covered": 100.0, "percent_covered_display": "100", "missing_lines": 0, "excluded_lines": 0, "percent_statements_covered": 100.0, "percent_statements_covered_display": "100"}, "missing_lines": [], "excluded_lines": []}, "app_lifespan.make_compose_file_handler.handler": {"executed_lines": [], "summary": {"covered_lines": 0, "num_statements": 1, "percent_covered": 0.0, "percent_covered_display": "0", "missing_lines": 1, "excluded_lines": 0, "percent_statements_covered": 0.0, "percent_statements_covered_display": "0"}, "missing_lines": [247], "excluded_lines": []}, "app_lifespan.make_compose_logs_handler": {"executed_lines": [252, 255], "summary": {"covered_lines": 2, "num_statements": 2, "percent_covered": 100.0, "percent_covered_display": "100", "missing_lines": 0, "excluded_lines": 0, "percent_statements_covered": 100.0, "percent_statements_covered_display": "100"}, "missing_lines": [], "excluded_lines": []}, "app_lifespan.make_compose_logs_handler.handler": {"executed_lines": [], "summary": {"covered_lines": 0, "num_statements": 1, "percent_covered": 0.0, "percent_covered_display": "0", "missing_lines": 1, "excluded_lines": 0, "percent_statements_covered": 0.0, "percent_statements_covered_display": "0"}, "missing_lines": [253], "excluded_lines": []}, "app_lifespan.make_zfs_overview_handler": {"executed_lines": [285, 288], "summary": {"covered_lines": 2, "num_statements": 2, "percent_covered": 100.0, "percent_covered_display": "100", "missing_lines": 0, "excluded_lines": 0, "percent_statements_covered": 100.0, "percent_statements_covered_display": "100"}, "missing_lines": [], "excluded_lines": []}, "app_lifespan.make_zfs_overview_handler.handler": {"executed_lines": [], "summary": {"covered_lines": 0, "num_statements": 1, "percent_covered": 0.0, "percent_covered_display": "0", "missing_lines": 1, "excluded_lines": 0, "percent_statements_covered": 0.0, "percent_statements_covered_display": "0"}, "missing_lines": [286], "excluded_lines": []}, "app_lifespan.make_zfs_pool_handler": {"executed_lines": [291, 294], "summary": {"covered_lines": 2, "num_statements": 2, "percent_covered": 100.0, "percent_covered_display": "100", "missing_lines": 0, "excluded_lines": 0, "percent_statements_covered": 100.0, "percent_statements_covered_display": "100"}, "missing_lines": [], "excluded_lines": []}, "app_lifespan.make_zfs_pool_handler.handler": {"executed_lines": [], "summary": {"covered_lines": 0, "num_statements": 1, "percent_covered": 0.0, "percent_covered_display": "0", "missing_lines": 1, "excluded_lines": 0, "percent_statements_covered": 0.0, "percent_statements_covered_display": "0"}, "missing_lines": [292], "excluded_lines": []}, "app_lifespan.make_zfs_datasets_handler": {"executed_lines": [297, 300], "summary": {"covered_lines": 2, "num_statements": 2, "percent_covered": 100.0, "percent_covered_display": "100", "missing_lines": 0, "excluded_lines": 0, "percent_statements_covered": 100.0, "percent_statements_covered_display": "100"}, "missing_lines": [], "excluded_lines": []}, "app_lifespan.make_zfs_datasets_handler.handler": {"executed_lines": [], "summary": {"covered_lines": 0, "num_statements": 1, "percent_covered": 0.0, "percent_covered_display": "0", "missing_lines": 1, "excluded_lines": 0, "percent_statements_covered": 0.0, "percent_statements_covered_display": "0"}, "missing_lines": [298], "excluded_lines": []}, "app_lifespan.make_zfs_snapshots_handler": {"executed_lines": [303, 306], "summary": {"covered_lines": 2, "num_statements": 2, "percent_covered": 100.0, "percent_covered_display": "100", "missing_lines": 0, "excluded_lines": 0, "percent_statements_covered": 100.0, "percent_statements_covered_display": "100"}, "missing_lines": [], "excluded_lines": []}, "app_lifespan.make_zfs_snapshots_handler.handler": {"executed_lines": [], "summary": {"covered_lines": 0, "num_statements": 1, "percent_covered": 0.0, "percent_covered_display": "0", "missing_lines": 1, "excluded_lines": 0, "percent_statements_covered": 0.0, "percent_statements_covered_display": "0"}, "missing_lines": [304], "excluded_lines": []}, "app_lifespan.make_syslog_handler": {"executed_lines": [344, 347], "summary": {"covered_lines": 2, "num_statements": 2, "percent_covered": 100.0, "percent_covered_display": "100", "missing_lines": 0, "excluded_lines": 0, "percent_statements_covered": 100.0, "percent_statements_covered_display": "100"}, "missing_lines": [], "excluded_lines": []}, "app_lifespan.make_syslog_handler.handler": {"executed_lines": [], "summary": {"covered_lines": 0, "num_statements": 1, "percent_covered": 0.0, "percent_covered_display": "0", "missing_lines": 1, "excluded_lines": 0, "percent_statements_covered": 0.0, "percent_statements_covered_display": "0"}, "missing_lines": [345], "excluded_lines": []}, "app_lifespan.make_handler": {"executed_lines": [361, 364], "summary": {"covered_lines": 2, "num_statements": 2, "percent_covered": 100.0, "percent_covered_display": "100", "missing_lines": 0, "excluded_lines": 0, "percent_statements_covered": 100.0, "percent_statements_covered_display": "100"}, "missing_lines": [], "excluded_lines": []}, "app_lifespan.make_handler.handler": {"executed_lines": [], "summary": {"covered_lines": 0, "num_statements": 1, "percent_covered": 0.0, "percent_covered_display": "0", "missing_lines": 1, "excluded_lines": 0, "percent_statements_covered": 0.0, "percent_statements_covered_display": "0"}, "missing_lines": [362], "excluded_lines": []}, "configure_middleware": {"executed_lines": [411, 412, 413, 417, 418], "summary": {"covered_lines": 5, "num_statements": 5, "percent_covered": 100.0, "percent_covered_display": "100", "missing_lines": 0, "excluded_lines": 0, "percent_statements_covered": 100.0, "percent_statements_covered_display": "100"}, "missing_lines": [], "excluded_lines": []}, "create_server": {"executed_lines": [432, 437, 442, 445, 446, 447, 450, 451, 454, 455, 462, 465, 466, 469, 473], "summary": {"covered_lines": 15, "num_statements": 17, "percent_covered": 88.23529411764706, "percent_covered_display": "88", "missing_lines": 2, "excluded_lines": 0, "percent_statements_covered": 88.23529411764706, "percent_statements_covered_display": "88"}, "missing_lines": [470, 471], "excluded_lines": []}, "create_server.health_check": {"executed_lines": [457, 458, 459], "summary": {"covered_lines": 3, "num_statements": 3, "percent_covered": 100.0, "percent_covered_display": "100", "missing_lines": 0, "excluded_lines": 0, "percent_statements_covered": 100.0, "percent_statements_covered_display": "100"}, "missing_lines": [], "excluded_lines": []}, "": {"executed_lines": [1, 7, 8, 9, 10, 11, 12, 14, 15, 16, 18, 24, 38, 39, 40, 43, 92, 94, 97, 110, 123, 135, 140, 145, 154, 159, 164, 169, 174, 183, 184, 397, 426, 477], "summary": {"covered_lines": 33, "num_statements": 33, "percent_covered": 100.0, "percent_covered_display": "100", "missing_lines": 0, "excluded_lines": 0, "percent_statements_covered": 100.0, "percent_statements_covered_display": "100"}, "missing_lines": [], "excluded_lines": []}}, "classes": {"": {"executed_lines": [1, 7, 8, 9, 10, 11, 12, 14, 15, 16, 18, 24, 38, 39, 40, 43, 50, 51, 54, 55, 58, 59, 62, 63, 64, 65, 66, 69, 80, 81, 82, 83, 86, 87, 88, 92, 94, 97, 107, 110, 123, 135, 140, 145, 154, 159, 164, 169, 174, 183, 184, 196, 197, 198, 199, 206, 208, 209, 212, 214, 215, 218, 221, 229, 237, 239, 240, 243, 245, 246, 249, 251, 252, 255, 258, 266, 274, 282, 284, 285, 288, 290, 291, 294, 296, 297, 300, 302, 303, 306, 309, 317, 325, 333, 341, 343, 344, 347, 350, 358, 360, 361, 364, 366, 373, 374, 379, 381, 382, 385, 386, 387, 394, 397, 411, 412, 413, 417, 418, 426, 432, 437, 442, 445, 446, 447, 450, 451, 454, 455, 457, 458, 459, 462, 465, 466, 469, 473, 477], "summary": {"covered_lines": 138, "num_statements": 163, "percent_covered": 84.66257668711657, "percent_covered_display": "85", "missing_lines": 25, "excluded_lines": 0, "percent_statements_covered": 84.66257668711657, "percent_statements_covered_display": "85"}, "missing_lines": [120, 132, 137, 142, 151, 156, 161, 166, 171, 180, 210, 216, 241, 247, 253, 286, 292, 298, 304, 345, 362, 388, 393, 470, 471], "excluded_lines": []}}}, "scout_mcp/services/__init__.py": {"executed_lines": [1, 3, 7, 20, 21, 29], "summary": {"covered_lines": 5, "num_statements": 5, "percent_covered": 100.0, "percent_covered_display": "100", "missing_lines": 0, "excluded_lines": 0, "percent_statements_covered": 100.0, "percent_statements_covered_display": "100"}, "missing_lines": [], "excluded_lines": [], "functions": {"": {"executed_lines": [1, 3, 7, 20, 21, 29], "summary": {"covered_lines": 5, "num_statements": 5, "percent_covered": 100.0, "percent_covered_display": "100", "missing_lines": 0, "excluded_lines": 0, "percent_statements_covered": 100.0, "percent_statements_covered_display": "100"}, "missing_lines": [], "excluded_lines": []}}, "classes": {"": {"executed_lines": [1, 3, 7, 20, 21, 29], "summary": {"covered_lines": 5, "num_statements": 5, "percent_covered": 100.0, "percent_covered_display": "100", "missing_lines": 0, "excluded_lines": 0, "percent_statements_covered": 100.0, "percent_statements_covered_display": "100"}, "missing_lines": [], "excluded_lines": []}}}, "scout_mcp/services/connection.py": {"executed_lines": [1, 3, 4, 6, 11, 14, 15, 17, 24, 25, 26, 29, 50, 52, 54, 55, 56, 58, 63, 64, 65, 66, 67, 68, 69, 74], "summary": {"covered_lines": 23, "num_statements": 23, "percent_covered": 100.0, "percent_covered_display": "100", "missing_lines": 0, "excluded_lines": 3, "percent_statements_covered": 100.0, "percent_statements_covered_display": "100"}, "missing_lines": [], "excluded_lines": [6, 7, 9], "functions": {"ConnectionError.__init__": {"executed_lines": [24, 25, 26], "summary": {"covered_lines": 3, "num_statements": 3, "percent_covered": 100.0, "percent_covered_display": "100", "missing_lines": 0, "excluded_lines
[...]
: {"covered_lines": 8, "num_statements": 8, "percent_covered": 100.0, "percent_covered_display": "100", "missing_lines": 0, "excluded_lines": 0, "percent_statements_covered": 100.0, "percent_statements_covered_display": "100"}, "missing_lines": [], "excluded_lines": []}}, "classes": {"": {"executed_lines": [1, 3, 4, 5, 6, 7, 8, 9, 11], "summary": {"covered_lines": 8, "num_statements": 8, "percent_covered": 100.0, "percent_covered_display": "100", "missing_lines": 0, "excluded_lines": 0, "percent_statements_covered": 100.0, "percent_statements_covered_display": "100"}, "missing_lines": [], "excluded_lines": []}}}, "scout_mcp/utils/console.py": {"executed_lines": [1, 3, 4, 5, 8, 38, 47, 57, 60, 61, 63, 69, 70, 72, 74, 75, 78, 80, 81, 82, 83, 85, 87, 88, 89, 90, 91, 93, 95, 96, 97, 98, 100, 102, 104, 105, 106, 107, 109, 112, 113, 116, 119, 122, 125, 128, 131, 133, 135, 136, 196, 197, 199, 202, 205, 207, 208], "summary": {"covered_lines": 54, "num_statements": 91, "percent_covered": 59.34065934065934, "percent_covered_display": "59", "missing_lines": 37, "excluded_lines": 0, "percent_statements_covered": 59.34065934065934, "percent_statements_covered_display": "59"}, "missing_lines": [76, 139, 141, 147, 148, 151, 152, 159, 160, 163, 164, 171, 172, 175, 176, 183, 184, 186, 187, 193, 211, 212, 213, 214, 215, 216, 217, 218, 219, 220, 221, 222, 223, 224, 225, 226, 228], "excluded_lines": [], "functions": {"ColorfulFormatter.__init__": {"executed_lines": [69, 70], "summary": {"covered_lines": 2, "num_statements": 2, "percent_covered": 100.0, "percent_covered_display": "100", "missing_lines": 0, "excluded_lines": 0, "percent_statements_covered": 100.0, "percent_statements_covered_display": "100"}, "missing_lines": [], "excluded_lines": []}, "ColorfulFormatter._colorize": {"executed_lines": [74, 75], "summary": {"covered_lines": 2, "num_statements": 3, "percent_covered": 66.66666666666667, "percent_covered_display": "67", "missing_lines": 1, "excluded_lines": 0, "percent_statements_covered": 66.66666666666667, "percent_statements_covered_display": "67"}, "missing_lines": [76], "excluded_lines": []}, "ColorfulFormatter._get_component_color": {"executed_lines": [80, 81, 82, 83], "summary": {"covered_lines": 4, "num_statements": 4, "percent_covered": 100.0, "percent_covered_display": "100", "missing_lines": 0, "excluded_lines": 0, "percent_statements_covered": 100.0, "percent_statements_covered_display": "100"}, "missing_lines": [], "excluded_lines": []}, "ColorfulFormatter._format_timestamp": {"executed_lines": [87, 88, 89, 90, 91], "summary": {"covered_lines": 5, "num_statements": 5, "percent_covered": 100.0, "percent_covered_display": "100", "missing_lines": 0, "excluded_lines": 0, "percent_statements_covered": 100.0, "percent_statements_covered_display": "100"}, "missing_lines": [], "excluded_lines": []}, "ColorfulFormatter._format_level": {"executed_lines": [95, 96, 97, 98], "summary": {"covered_lines": 4, "num_statements": 4, "percent_covered": 100.0, "percent_covered_display": "100", "missing_lines": 0, "excluded_lines": 0, "percent_statements_covered": 100.0, "percent_statements_covered_display": "100"}, "missing_lines": [], "excluded_lines": []}, "ColorfulFormatter._format_component": {"executed_lines": [102, 104, 105, 106, 107], "summary": {"covered_lines": 5, "num_statements": 5, "percent_covered": 100.0, "percent_covered_display": "100", "missing_lines": 0, "excluded_lines": 0, "percent_statements_covered": 100.0, "percent_statements_covered_display": "100"}, "missing_lines": [], "excluded_lines": []}, "ColorfulFormatter.format": {"executed_lines": [112, 113, 116, 119, 122, 125, 128, 131], "summary": {"covered_lines": 8, "num_statements": 8, "percent_covered": 100.0, "percent_covered_display": "100", "missing_lines": 0, "excluded_lines": 0, "percent_statements_covered": 100.0, "percent_statements_covered_display": "100"}, "missing_lines": [], "excluded_lines": []}, "ColorfulFormatter._highlight_message": {"executed_lines": [135, 136], "summary": {"covered_lines": 2, "num_statements": 21, "percent_covered": 9.523809523809524, "percent_covered_display": "10", "missing_lines": 19, "excluded_lines": 0, "percent_statements_covered": 9.523809523809524, "percent_statements_covered_display": "10"}, "missing_lines": [139, 141, 147, 148, 151, 152, 159, 160, 163, 164, 171, 172, 175, 176, 183, 184, 186, 187, 193], "excluded_lines": []}, "MCPRequestFormatter.format": {"executed_lines": [202, 205, 207, 208], "summary": {"covered_lines": 4, "num_statements": 21, "percent_covered": 19.047619047619047, "percent_covered_display": "19", "missing_lines": 17, "excluded_lines": 0, "percent_statements_covered": 19.047619047619047, "percent_statements_covered_display": "19"}, "missing_lines": [211, 212, 213, 214, 215, 216, 217, 218, 219, 220, 221, 222, 223, 224, 225, 226, 228], "excluded_lines": []}, "": {"executed_lines": [1, 3, 4, 5, 8, 38, 47, 57, 60, 61, 63, 72, 78, 85, 93, 100, 109, 133, 196, 197, 199], "summary": {"covered_lines": 18, "num_statements": 18, "percent_covered": 100.0, "percent_covered_display": "100", "missing_lines": 0, "excluded_lines": 0, "percent_statements_covered": 100.0, "percent_statements_covered_display": "100"}, "missing_lines": [], "excluded_lines": []}}, "classes": {"ColorfulFormatter": {"executed_lines": [69, 70, 74, 75, 80, 81, 82, 83, 87, 88, 89, 90, 91, 95, 96, 97, 98, 102, 104, 105, 106, 107, 112, 113, 116, 119, 122, 125, 128, 131, 135, 136], "summary": {"covered_lines": 32, "num_statements": 52, "percent_covered": 61.53846153846154, "percent_covered_display": "62", "missing_lines": 20, "excluded_lines": 0, "percent_statements_covered": 61.53846153846154, "percent_statements_covered_display": "62"}, "missing_lines": [76, 139, 141, 147, 148, 151, 152, 159, 160, 163, 164, 171, 172, 175, 176, 183, 184, 186, 187, 193], "excluded_lines": []}, "MCPRequestFormatter": {"executed_lines": [202, 205, 207, 208], "summary": {"covered_lines": 4, "num_statements": 21, "percent_covered": 19.047619047619047, "percent_covered_display": "19", "missing_lines": 17, "excluded_lines": 0, "percent_statements_covered": 19.047619047619047, "percent_statements_covered_display": "19"}, "missing_lines": [211, 212, 213, 214, 215, 216, 217, 218, 219, 220, 221, 222, 223, 224, 225, 226, 228], "excluded_lines": []}, "": {"executed_lines": [1, 3, 4, 5, 8, 38, 47, 57, 60, 61, 63, 72, 78, 85, 93, 100, 109, 133, 196, 197, 199], "summary": {"covered_lines": 18, "num_statements": 18, "percent_covered": 100.0, "percent_covered_display": "100", "missing_lines": 0, "excluded_lines": 0, "percent_statements_covered": 100.0, "percent_statements_covered_display": "100"}, "missing_lines": [], "excluded_lines": []}}}, "scout_mcp/utils/hostname.py": {"executed_lines": [1, 3, 6, 13, 16, 27, 30, 31, 34, 35, 38, 44, 49], "summary": {"covered_lines": 12, "num_statements": 19, "percent_covered": 63.1578947368421, "percent_covered_display": "63", "missing_lines": 7, "excluded_lines": 0, "percent_statements_covered": 63.1578947368421, "percent_statements_covered_display": "63"}, "missing_lines": [28, 39, 40, 41, 45, 46, 47], "excluded_lines": [], "functions": {"get_server_hostname": {"executed_lines": [13], "summary": {"covered_lines": 1, "num_statements": 1, "percent_covered": 100.0, "percent_covered_display": "100", "missing_lines": 0, "excluded_lines": 0, "percent_statements_covered": 100.0, "percent_statements_covered_display": "100"}, "missing_lines": [], "excluded_lines": []}, "is_localhost_target": {"executed_lines": [27, 30, 31, 34, 35, 38, 44, 49], "summary": {"covered_lines": 8, "num_statements": 15, "percent_covered": 53.333333333333336, "percent_covered_display": "53", "missing_lines": 7, "excluded_lines": 0, "percent_statements_covered": 53.333333333333336, "percent_statements_covered_display": "53"}, "missing_lines": [28, 39, 40, 41, 45, 46, 47], "excluded_lines": []}, "": {"executed_lines": [1, 3, 6, 16], "summary": {"covered_lines": 3, "num_statements": 3, "percent_covered": 100.0, "percent_covered_display": "100", "missing_lines": 0, "excluded_lines": 0, "percent_statements_covered": 100.0, "percent_statements_covered_display": "100"}, "missing_lines": [], "excluded_lines": []}}, "classes": {"": {"executed_lines": [1, 3, 6, 13, 16, 27, 30, 31, 34, 35, 38, 44, 49], "summary": {"covered_lines": 12, "num_statements": 19, "percent_covered": 63.1578947368421, "percent_covered_display": "63", "missing_lines": 7, "excluded_lines": 0, "percent_statements_covered": 63.1578947368421, "percent_statements_covered_display": "63"}, "missing_lines": [28, 39, 40, 41, 45, 46, 47], "excluded_lines": []}}}, "scout_mcp/utils/mime.py": {"executed_lines": [1, 4, 13, 43, 44, 45, 46], "summary": {"covered_lines": 6, "num_statements": 7, "percent_covered": 85.71428571428571, "percent_covered_display": "86", "missing_lines": 1, "excluded_lines": 0, "percent_statements_covered": 85.71428571428571, "percent_statements_covered_display": "86"}, "missing_lines": [47], "excluded_lines": [], "functions": {"get_mime_type": {"executed_lines": [13, 43, 44, 45, 46], "summary": {"covered_lines": 5, "num_statements": 6, "percent_covered": 83.33333333333333, "percent_covered_display": "83", "missing_lines": 1, "excluded_lines": 0, "percent_statements_covered": 83.33333333333333, "percent_statements_covered_display": "83"}, "missing_lines": [47], "excluded_lines": []}, "": {"executed_lines": [1, 4], "summary": {"covered_lines": 1, "num_statements": 1, "percent_covered": 100.0, "percent_covered_display": "100", "missing_lines": 0, "excluded_lines": 0, "percent_statements_covered": 100.0, "percent_statements_covered_display": "100"}, "missing_lines": [], "excluded_lines": []}}, "classes": {"": {"executed_lines": [1, 4, 13, 43, 44, 45, 46], "summary": {"covered_lines": 6, "num_statements": 7, "percent_covered": 85.71428571428571, "percent_covered_display": "86", "missing_lines": 1, "excluded_lines": 0, "percent_statements_covered": 85.71428571428571, "percent_statements_covered_display": "86"}, "missing_lines": [47], "excluded_lines": []}}}, "scout_mcp/utils/parser.py": {"executed_lines": [1, 3, 4, 7, 21, 24, 25, 28, 29, 32, 33, 34, 37, 40, 41, 42, 44], "summary": {"covered_lines": 16, "num_statements": 16, "percent_covered": 100.0, "percent_covered_display": "100", "missing_lines": 0, "excluded_lines": 0, "percent_statements_covered": 100.0, "percent_statements_covered_display": "100"}, "missing_lines": [], "excluded_lines": [], "functions": {"parse_target": {"executed_lines": [21, 24, 25, 28, 29, 32, 33, 34, 37, 40, 41, 42, 44], "summary": {"covered_lines": 13, "num_statements": 13, "percent_covered": 100.0, "percent_covered_display": "100", "missing_lines": 0, "excluded_lines": 0, "percent_statements_covered": 100.0, "percent_statements_covered_display": "100"}, "missing_lines": [], "excluded_lines": []}, "": {"executed_lines": [1, 3, 4, 7], "summary": {"covered_lines": 3, "num_statements": 3, "percent_covered": 100.0, "percent_covered_display": "100", "missing_lines": 0, "excluded_lines": 0, "percent_statements_covered": 100.0, "percent_statements_covered_display": "100"}, "missing_lines": [], "excluded_lines": []}}, "classes": {"": {"executed_lines": [1, 3, 4, 7, 21, 24, 25, 28, 29, 32, 33, 34, 37, 40, 41, 42, 44], "summary": {"covered_lines": 16, "num_statements": 16, "percent_covered": 100.0, "percent_covered_display": "100", "missing_lines": 0, "excluded_lines": 0, "percent_statements_covered": 100.0, "percent_statements_covered_display": "100"}, "missing_lines": [], "excluded_lines": []}}}, "scout_mcp/utils/ping.py": {"executed_lines": [1, 3, 6, 17, 18, 22, 23, 24, 25, 26, 29, 42, 45, 46, 50, 51], "summary": {"covered_lines": 15, "num_statements": 16, "percent_covered": 93.75, "percent_covered_display": "94", "missing_lines": 1, "excluded_lines": 0, "percent_statements_covered": 93.75, "percent_statements_covered_display": "94"}, "missing_lines": [43], "excluded_lines": [], "functions": {"check_host_online": {"executed_lines": [17, 18, 22, 23, 24, 25, 26], "summary": {"covered_lines": 7, "num_statements": 7, "percent_covered": 100.0, "percent_covered_display": "100", "missing_lines": 0, "excluded_lines": 0, "percent_statements_covered": 100.0, "percent_statements_covered_display": "100"}, "missing_lines": [], "excluded_lines": []}, "check_hosts_online": {"executed_lines": [42, 45, 46, 50, 51], "summary": {"covered_lines": 5, "num_statements": 6, "percent_covered": 83.33333333333333, "percent_covered_display": "83", "missing_lines": 1, "excluded_lines": 0, "percent_statements_covered": 83.33333333333333, "percent_statements_covered_display": "83"}, "missing_lines": [43], "excluded_lines": []}, "": {"executed_lines": [1, 3, 6, 29], "summary": {"covered_lines": 3, "num_statements": 3, "percent_covered": 100.0, "percent_covered_display": "100", "missing_lines": 0, "excluded_lines": 0, "percent_statements_covered": 100.0, "percent_statements_covered_display": "100"}, "missing_lines": [], "excluded_lines": []}}, "classes": {"": {"executed_lines": [1, 3, 6, 17, 18, 22, 23, 24, 25, 26, 29, 42, 45, 46, 50, 51], "summary": {"covered_lines": 15, "num_statements": 16, "percent_covered": 93.75, "percent_covered_display": "94", "missing_lines": 1, "excluded_lines": 0, "percent_statements_covered": 93.75, "percent_statements_covered_display": "94"}, "missing_lines": [43], "excluded_lines": []}}}, "scout_mcp/utils/shell.py": {"executed_lines": [1, 3, 6, 15, 18, 27], "summary": {"covered_lines": 5, "num_statements": 5, "percent_covered": 100.0, "percent_covered_display": "100", "missing_lines": 0, "excluded_lines": 0, "percent_statements_covered": 100.0, "percent_statements_covered_display": "100"}, "missing_lines": [], "excluded_lines": [], "functions": {"quote_path": {"executed_lines": [15], "summary": {"covered_lines": 1, "num_statements": 1, "percent_covered": 100.0, "percent_covered_display": "100", "missing_lines": 0, "excluded_lines": 0, "percent_statements_covered": 100.0, "percent_statements_covered_display": "100"}, "missing_lines": [], "excluded_lines": []}, "quote_arg": {"executed_lines": [27], "summary": {"covered_lines": 1, "num_statements": 1, "percent_covered": 100.0, "percent_covered_display": "100", "missing_lines": 0, "excluded_lines": 0, "percent_statements_covered": 100.0, "percent_statements_covered_display": "100"}, "missing_lines": [], "excluded_lines": []}, "": {"executed_lines": [1, 3, 6, 18], "summary": {"covered_lines": 3, "num_statements": 3, "percent_covered": 100.0, "percent_covered_display": "100", "missing_lines": 0, "excluded_lines": 0, "percent_statements_covered": 100.0, "percent_statements_covered_display": "100"}, "missing_lines": [], "excluded_lines": []}}, "classes": {"": {"executed_lines": [1, 3, 6, 15, 18, 27], "summary": {"covered_lines": 5, "num_statements": 5, "percent_covered": 100.0, "percent_covered_display": "100", "missing_lines": 0, "excluded_lines": 0, "percent_statements_covered": 100.0, "percent_statements_covered_display": "100"}, "missing_lines": [], "excluded_lines": []}}}, "scout_mcp/utils/transfer.py": {"executed_lines": [], "summary": {"covered_lines": 0, "num_statements": 28, "percent_covered": 0.0, "percent_covered_display": "0", "missing_lines": 28, "excluded_lines": 0, "percent_statements_covered": 0.0, "percent_statements_covered_display": "0"}, "missing_lines": [3, 4, 7, 10, 11, 12, 15, 16, 19, 20, 21, 22, 23, 26, 55, 56, 61, 62, 65, 66, 69, 70, 71, 72, 73, 74, 76, 79], "excluded_lines": [], "functions": {"determine_transfer_strategy": {"executed_lines": [], "summary": {"covered_lines": 0, "num_statements": 14, "percent_covered": 0.0, "percent_covered_display": "0", "missing_lines": 14, "excluded_lines": 0, "percent_statements_covered": 0.0, "percent_statements_covered_display": "0"}, "missing_lines": [55, 56, 61, 62, 65, 66, 69, 70, 71, 72, 73, 74, 76, 79], "excluded_lines": []}, "": {"executed_lines": [], "summary": {"covered_lines": 0, "num_statements": 14, "percent_covered": 0.0, "percent_covered_display": "0", "missing_lines": 14, "excluded_lines": 0, "percent_statements_covered": 0.0, "percent_statements_covered_display": "0"}, "missing_lines": [3, 4, 7, 10, 11, 12, 15, 16, 19, 20, 21, 22, 23, 26], "excluded_lines": []}}, "classes": {"TransferStrategy": {"executed_lines": [], "summary": {"covered_lines": 0, "num_statements": 0, "percent_covered": 100.0, "percent_covered_display": "100", "missing_lines": 0, "excluded_lines": 0, "percent_statements_covered": 100.0, "percent_statements_covered_display": "100"}, "missing_lines": [], "excluded_lines": []}, "TransferPath": {"executed_lines": [], "summary": {"covered_lines": 0, "num_statements": 0, "percent_covered": 100.0, "percent_covered_display": "100", "missing_lines": 0, "excluded_lines": 0, "percent_statements_covered": 100.0, "percent_statements_covered_display": "100"}, "missing_lines": [], "excluded_lines": []}, "": {"executed_lines": [], "summary": {"covered_lines": 0, "num_statements": 28, "percent_covered": 0.0, "percent_covered_display": "0", "missing_lines": 28, "excluded_lines": 0, "percent_statements_covered": 0.0, "percent_statements_covered_display": "0"}, "missing_lines": [3, 4, 7, 10, 11, 12, 15, 16, 19, 20, 21, 22, 23, 26, 55, 56, 61, 62, 65, 66, 69, 70, 71, 72, 73, 74, 76, 79], "excluded_lines": []}}}, "scout_mcp/utils/validation.py": {"executed_lines": [1, 3, 4, 5, 8, 9, 11, 15, 23, 39, 40, 43, 44, 47, 48, 49, 52, 53, 58, 62, 63, 66, 67, 69, 72, 84, 85, 88, 89, 92, 93, 94, 95, 97], "summary": {"covered_lines": 32, "num_statements": 35, "percent_covered": 91.42857142857143, "percent_covered_display": "91", "missing_lines": 3, "excluded_lines": 0, "percent_statements_covered": 91.42857142857143, "percent_statements_covered_display": "91"}, "missing_lines": [54, 55, 59], "excluded_lines": [], "functions": {"validate_path": {"executed_lines": [39, 40, 43, 44, 47, 48, 49, 52, 53, 58, 62, 63, 66, 67, 69], "summary": {"covered_lines": 15, "num_statements": 18, "percent_covered": 83.33333333333333, "percent_covered_display": "83", "missing_lines": 3, "excluded_lines": 0, "percent_statements_covered": 83.33333333333333, "percent_statements_covered_display": "83"}, "missing_lines": [54, 55, 59], "excluded_lines": []}, "validate_host_format": {"executed_lines": [84, 85, 88, 89, 92, 93, 94, 95, 97], "summary": {"covered_lines": 9, "num_statements": 9, "percent_covered": 100.0, "percent_covered_display": "100", "missing_lines": 0, "excluded_lines": 0, "percent_statements_covered": 100.0, "percent_statements_covered_display": "100"}, "missing_lines": [], "excluded_lines": []}, "": {"executed_lines": [1, 3, 4, 5, 8, 9, 11, 15, 23, 72], "summary": {"covered_lines": 8, "num_statements": 8, "percent_covered": 100.0, "percent_covered_display": "100", "missing_lines": 0, "excluded_lines": 0, "percent_statements_covered": 100.0, "percent_statements_covered_display": "100"}, "missing_lines": [], "excluded_lines": []}}, "classes": {"PathTraversalError": {"executed_lines": [], "summary": {"covered_lines": 0, "num_statements": 0, "percent_covered": 100.0, "percent_covered_display": "100", "missing_lines": 0, "excluded_lines": 0, "percent_statements_covered": 100.0, "percent_statements_covered_display": "100"}, "missing_lines": [], "excluded_lines": []}, "": {"executed_lines": [1, 3, 4, 5, 8, 9, 11, 15, 23, 39, 40, 43, 44, 47, 48, 49, 52, 53, 58, 62, 63, 66, 67, 69, 72, 84, 85, 88, 89, 92, 93, 94, 95, 97], "summary": {"covered_lines": 32, "num_statements": 35, "percent_covered": 91.42857142857143, "percent_covered_display": "91", "missing_lines": 3, "excluded_lines": 0, "percent_statements_covered": 91.42857142857143, "percent_statements_covered_display": "91"}, "missing_lines": [54, 55, 59], "excluded_lines": []}}}}, "totals": {"covered_lines": 1669, "num_statements": 2261, "percent_covered": 73.81689517912429, "percent_covered_display": "74", "missing_lines": 592, "excluded_lines": 17, "percent_statements_covered": 73.81689517912429, "percent_statements_covered_display": "74"}}